"../../../Engine/Content/EditorResources/S_Actor.ubulk" 0
"../../../Engine/Content/EditorResources/S_Actor.uasset" 1
"../../../Engine/Content/EditorResources/S_Actor.uexp" 2
"../../../Engine/Content/EditorResources/S_BoxReflectionCapture.uasset" 3
"../../../Engine/Content/EditorResources/S_BoxReflectionCapture.uexp" 4
"../../../Engine/Content/EngineResources/DefaultTexture.ubulk" 5
"../../../Engine/Content/EngineResources/DefaultTexture.uasset" 6
"../../../Engine/Content/EngineResources/DefaultTexture.uexp" 7
"../../../Engine/Content/EngineResources/DefaultTextureCube.uasset" 8
"../../../Engine/Content/EngineResources/DefaultTextureCube.uexp" 9
"../../../Engine/Content/EngineResources/DefaultVolumeTexture2D.uasset" 10
"../../../Engine/Content/EngineResources/DefaultVolumeTexture2D.uexp" 11
"../../../Engine/Content/EngineResources/DefaultVolumeTexture.uasset" 12
"../../../Engine/Content/EngineResources/DefaultVolumeTexture.uexp" 13
"../../../Engine/Content/EditorResources/S_Trigger.ubulk" 14
"../../../Engine/Content/EditorResources/S_Trigger.uasset" 15
"../../../Engine/Content/EditorResources/S_Trigger.uexp" 16
"../../../Engine/Content/EditorResources/S_TriggerBox.uasset" 17
"../../../Engine/Content/EditorResources/S_TriggerBox.uexp" 18
"../../../Engine/Content/EditorResources/S_TriggerCapsule.uasset" 19
"../../../Engine/Content/EditorResources/S_TriggerCapsule.uexp" 20
"../../../Engine/Content/EditorResources/S_TriggerSphere.uasset" 21
"../../../Engine/Content/EditorResources/S_TriggerSphere.uexp" 22
"../../../Engine/Content/EngineMeshes/Sphere.ubulk" 23
"../../../Engine/Content/EngineMeshes/Sphere.uasset" 24
"../../../Engine/Content/EngineMeshes/Sphere.uexp" 25
"../../../Engine/Content/EngineResources/GradientTexture0.uasset" 26
"../../../Engine/Content/EngineResources/GradientTexture0.uexp" 27
"../../../Engine/Content/EngineResources/Black.uasset" 28
"../../../Engine/Content/EngineResources/Black.uexp" 29
"../../../Engine/Content/VREditor/LaserPointer/VR_LaserPower_01.ubulk" 30
"../../../Engine/Content/VREditor/LaserPointer/VR_LaserPower_01.uasset" 31
"../../../Engine/Content/VREditor/LaserPointer/VR_LaserPower_01.uexp" 32
"../../../Engine/Content/VREditor/TransformGizmo/TransformGizmoMaterial.uasset" 33
"../../../Engine/Content/VREditor/TransformGizmo/TransformGizmoMaterial.uexp" 34
"../../../Engine/Content/VREditor/TransformGizmo/TranslucentTransformGizmoMaterial.uasset" 35
"../../../Engine/Content/VREditor/TransformGizmo/TranslucentTransformGizmoMaterial.uexp" 36
"../../../Engine/Content/VREditor/TransformGizmo/PlaneTranslationHandle.ubulk" 37
"../../../Engine/Content/VREditor/TransformGizmo/PlaneTranslationHandle.uasset" 38
"../../../Engine/Content/VREditor/TransformGizmo/PlaneTranslationHandle.uexp" 39
"../../../Engine/Content/VREditor/TransformGizmo/BoundingBoxCorner.ubulk" 40
"../../../Engine/Content/VREditor/TransformGizmo/BoundingBoxCorner.uasset" 41
"../../../Engine/Content/VREditor/TransformGizmo/BoundingBoxCorner.uexp" 42
"../../../Engine/Content/VREditor/TransformGizmo/BoundingBoxEdge.ubulk" 43
"../../../Engine/Content/VREditor/TransformGizmo/BoundingBoxEdge.uasset" 44
"../../../Engine/Content/VREditor/TransformGizmo/BoundingBoxEdge.uexp" 45
"../../../Engine/Content/VREditor/TransformGizmo/Main.uasset" 46
"../../../Engine/Content/VREditor/TransformGizmo/Main.uexp" 47
"../../../Engine/Content/VREditor/TransformGizmo/Xray.uasset" 48
"../../../Engine/Content/VREditor/TransformGizmo/Xray.uexp" 49
"../../../Engine/Content/VREditor/TransformGizmo/SM_Sequencer_Node.ubulk" 50
"../../../Engine/Content/VREditor/TransformGizmo/SM_Sequencer_Node.uasset" 51
"../../../Engine/Content/VREditor/TransformGizmo/SM_Sequencer_Node.uexp" 52
"../../../Engine/Content/EditorMaterials/Camera/CineMat.uasset" 53
"../../../Engine/Content/EditorMaterials/Camera/CineMat.uexp" 54
"../../../Engine/Content/EditorMaterials/Camera/MI_CineMat_Rig.uasset" 55
"../../../Engine/Content/EditorMaterials/Camera/MI_CineMat_Rig.uexp" 56
"../../../Engine/Content/EditorMeshes/Camera/SM_CraneRig_Base.ubulk" 57
"../../../Engine/Content/EditorMeshes/Camera/SM_CraneRig_Base.uasset" 58
"../../../Engine/Content/EditorMeshes/Camera/SM_CraneRig_Base.uexp" 59
"../../../Engine/Content/EditorMeshes/Camera/SM_CraneRig_Arm.ubulk" 60
"../../../Engine/Content/EditorMeshes/Camera/SM_CraneRig_Arm.uasset" 61
"../../../Engine/Content/EditorMeshes/Camera/SM_CraneRig_Arm.uexp" 62
"../../../Engine/Content/EditorMeshes/Camera/SM_CraneRig_Mount.ubulk" 63
"../../../Engine/Content/EditorMeshes/Camera/SM_CraneRig_Mount.uasset" 64
"../../../Engine/Content/EditorMeshes/Camera/SM_CraneRig_Mount.uexp" 65
"../../../Engine/Content/EditorMeshes/Camera/SM_CraneRig_Body.ubulk" 66
"../../../Engine/Content/EditorMeshes/Camera/SM_CraneRig_Body.uasset" 67
"../../../Engine/Content/EditorMeshes/Camera/SM_CraneRig_Body.uexp" 68
"../../../Engine/Content/EditorMeshes/Camera/SM_RailRig_Track.ubulk" 69
"../../../Engine/Content/EditorMeshes/Camera/SM_RailRig_Track.uasset" 70
"../../../Engine/Content/EditorMeshes/Camera/SM_RailRig_Track.uexp" 71
"../../../Engine/Content/EditorMeshes/Camera/SM_RailRig_Mount.ubulk" 72
"../../../Engine/Content/EditorMeshes/Camera/SM_RailRig_Mount.uasset" 73
"../../../Engine/Content/EditorMeshes/Camera/SM_RailRig_Mount.uexp" 74
"../../../Engine/Content/EngineMaterials/T_Default_Material_Grid_M.ubulk" 75
"../../../Engine/Content/EngineMaterials/T_Default_Material_Grid_M.uasset" 76
"../../../Engine/Content/EngineMaterials/T_Default_Material_Grid_M.uexp" 77
"../../../Engine/Content/EngineMaterials/T_Default_Material_Grid_N.ubulk" 78
"../../../Engine/Content/EngineMaterials/T_Default_Material_Grid_N.uasset" 79
"../../../Engine/Content/EngineMaterials/T_Default_Material_Grid_N.uexp" 80
"../../../Engine/Content/Functions/Engine_MaterialFunctions01/Opacity/CameraDepthFade.uasset" 81
"../../../Engine/Content/Functions/Engine_MaterialFunctions01/Opacity/CameraDepthFade.uexp" 82
"../../../Engine/Content/EngineMaterials/WorldGridMaterial.uasset" 83
"../../../Engine/Content/EngineMaterials/WorldGridMaterial.uexp" 84
"../../../Engine/Content/ArtTools/RenderToTexture/Meshes/S_1_Unit_Plane.ubulk" 85
"../../../Engine/Content/ArtTools/RenderToTexture/Meshes/S_1_Unit_Plane.uasset" 86
"../../../Engine/Content/ArtTools/RenderToTexture/Meshes/S_1_Unit_Plane.uexp" 87
"../../../Engine/Content/EditorMaterials/ParticleSystems/PSysThumbnail_NoImage.ubulk" 88
"../../../Engine/Content/EditorMaterials/ParticleSystems/PSysThumbnail_NoImage.uasset" 89
"../../../Engine/Content/EditorMaterials/ParticleSystems/PSysThumbnail_NoImage.uexp" 90
"../../../Engine/Content/EditorMaterials/ParticleSystems/PSysThumbnail_OOD.ubulk" 91
"../../../Engine/Content/EditorMaterials/ParticleSystems/PSysThumbnail_OOD.uasset" 92
"../../../Engine/Content/EditorMaterials/ParticleSystems/PSysThumbnail_OOD.uexp" 93
"../../../Engine/Content/EditorLandscapeResources/SplineEditorMeshMat.uasset" 94
"../../../Engine/Content/EditorLandscapeResources/SplineEditorMeshMat.uexp" 95
"../../../Engine/Content/EditorLandscapeResources/SplineEditorMesh.ubulk" 96
"../../../Engine/Content/EditorLandscapeResources/SplineEditorMesh.uasset" 97
"../../../Engine/Content/EditorLandscapeResources/SplineEditorMesh.uexp" 98
"../../../Engine/Content/EditorResources/S_Solver.ubulk" 99
"../../../Engine/Content/EditorResources/S_Solver.uasset" 100
"../../../Engine/Content/EditorResources/S_Solver.uexp" 101
"../../../Engine/Plugins/Media/MediaPlate/Content/SM_MediaPlateScreen.ubulk" 102
"../../../Engine/Plugins/Media/MediaPlate/Content/SM_MediaPlateScreen.uasset" 103
"../../../Engine/Plugins/Media/MediaPlate/Content/SM_MediaPlateScreen.uexp" 104
"../../../Engine/Content/EngineMaterials/Good64x64TilingNoiseHighFreq.uasset" 105
"../../../Engine/Content/EngineMaterials/Good64x64TilingNoiseHighFreq.uexp" 106
"../../../Engine/Content/EngineMaterials/DefaultBokeh.uasset" 107
"../../../Engine/Content/EngineMaterials/DefaultBokeh.uexp" 108
"../../../Engine/Content/EngineMaterials/PreintegratedSkinBRDF.uasset" 109
"../../../Engine/Content/EngineMaterials/PreintegratedSkinBRDF.uexp" 110
"../../../Engine/Content/EngineMaterials/MiniFont.uasset" 111
"../../../Engine/Content/EngineMaterials/MiniFont.uexp" 112
"../../../Engine/Content/EngineMaterials/WeightMapPlaceholderTexture.uasset" 113
"../../../Engine/Content/EngineMaterials/WeightMapPlaceholderTexture.uexp" 114
"../../../Engine/Content/EngineMaterials/DefaultWhiteGrid.ubulk" 115
"../../../Engine/Content/EngineMaterials/DefaultWhiteGrid.uasset" 116
"../../../Engine/Content/EngineMaterials/DefaultWhiteGrid.uexp" 117
"../../../Engine/Content/Animation/DefaultRecorderBoneCompression.uasset" 118
"../../../Engine/Content/Animation/DefaultRecorderBoneCompression.uexp" 119
"../../../Engine/Content/Animation/DefaultAnimCurveCompressionSettings.uasset" 120
"../../../Engine/Content/Animation/DefaultAnimCurveCompressionSettings.uexp" 121
"../../../Engine/Content/Animation/DefaultAnimBoneCompressionSettings.uasset" 122
"../../../Engine/Content/Animation/DefaultAnimBoneCompressionSettings.uexp" 123
"../../../Engine/Content/BasicShapes/Plane.ubulk" 124
"../../../Engine/Content/BasicShapes/Plane.uasset" 125
"../../../Engine/Content/BasicShapes/Plane.uexp" 126
"../../../Engine/Content/EngineMaterials/DefaultMaterial.uasset" 127
"../../../Engine/Content/EngineMaterials/DefaultMaterial.uexp" 128
"../../../Engine/Content/BasicShapes/Cylinder.ubulk" 129
"../../../Engine/Content/BasicShapes/Cylinder.uasset" 130
"../../../Engine/Content/BasicShapes/Cylinder.uexp" 131
"../../../Engine/Content/BasicShapes/Cube.ubulk" 132
"../../../Engine/Content/BasicShapes/Cube.uasset" 133
"../../../Engine/Content/BasicShapes/Cube.uexp" 134
"../../../Engine/Content/BasicShapes/Cone.ubulk" 135
"../../../Engine/Content/BasicShapes/Cone.uasset" 136
"../../../Engine/Content/BasicShapes/Cone.uexp" 137
"../../../Engine/Content/EditorLandscapeResources/DefaultAlphaTexture.uasset" 138
"../../../Engine/Content/EditorLandscapeResources/DefaultAlphaTexture.uexp" 139
"../../../Engine/Content/EditorLandscapeResources/DataLayer.uasset" 140
"../../../Engine/Content/EditorLandscapeResources/DataLayer.uexp" 141
"../../../Engine/Content/EditorMaterials/PreviewShadowIndicator.ubulk" 142
"../../../Engine/Content/EditorMaterials/PreviewShadowIndicator.uasset" 143
"../../../Engine/Content/EditorMaterials/PreviewShadowIndicator.uexp" 144
"../../../Engine/Content/EditorMaterials/PreviewShadowIndicatorMaterial.uasset" 145
"../../../Engine/Content/EditorMaterials/PreviewShadowIndicatorMaterial.uexp" 146
"../../../Engine/Content/EditorMaterials/PhAT_UnselectedMaterial.uasset" 147
"../../../Engine/Content/EditorMaterials/PhAT_UnselectedMaterial.uexp" 148
"../../../Engine/Content/EditorMaterials/PhAT_NoCollisionMaterial.uasset" 149
"../../../Engine/Content/EditorMaterials/PhAT_NoCollisionMaterial.uexp" 150
"../../../Engine/Content/Functions/Engine_MaterialFunctions02/Utility/MakeFloat4.uasset" 151
"../../../Engine/Content/Functions/Engine_MaterialFunctions02/Utility/MakeFloat4.uexp" 152
"../../../Engine/Content/Functions/Engine_MaterialFunctions02/Utility/MakeFloat3.uasset" 153
"../../../Engine/Content/Functions/Engine_MaterialFunctions02/Utility/MakeFloat3.uexp" 154
"../../../Engine/Content/Functions/Engine_MaterialFunctions02/Utility/BreakOutFloat3Components.uasset" 155
"../../../Engine/Content/Functions/Engine_MaterialFunctions02/Utility/BreakOutFloat3Components.uexp" 156
"../../../Engine/Content/EditorMaterials/WorldPartition/WorldPartitionSpatialHashGridPreviewMaterial.uasset" 157
"../../../Engine/Content/EditorMaterials/WorldPartition/WorldPartitionSpatialHashGridPreviewMaterial.uexp" 158
"../../../Engine/Content/EditorResources/S_Terrain.ubulk" 159
"../../../Engine/Content/EditorResources/S_Terrain.uasset" 160
"../../../Engine/Content/EditorResources/S_Terrain.uexp" 161
"../../../Engine/Content/EditorResources/EmptyActor.uasset" 162
"../../../Engine/Content/EditorResources/EmptyActor.uexp" 163
"../../../Engine/Content/EditorResources/BSPVertex.uasset" 164
"../../../Engine/Content/EditorResources/BSPVertex.uexp" 165
"../../../Engine/Content/EditorResources/LightIcons/S_LightError.uasset" 166
"../../../Engine/Content/EditorResources/LightIcons/S_LightError.uexp" 167
"../../../Engine/Content/EditorResources/SequenceRecorder/RecordingIndicator.uasset" 168
"../../../Engine/Content/EditorResources/SequenceRecorder/RecordingIndicator.uexp" 169
"../../../Engine/Content/EditorResources/SequenceRecorder/Countdown.uasset" 170
"../../../Engine/Content/EditorResources/SequenceRecorder/Countdown.uexp" 171
"../../../Engine/Content/EngineDamageTypes/DmgTypeBP_Environmental.uasset" 172
"../../../Engine/Content/EngineDamageTypes/DmgTypeBP_Environmental.uexp" 173
"../../../Engine/Content/Functions/Engine_MaterialFunctions02/Utility/CameraDirectionVector.uasset" 174
"../../../Engine/Content/Functions/Engine_MaterialFunctions02/Utility/CameraDirectionVector.uexp" 175
"../../../Engine/Content/EngineDebugMaterials/VolumeToRender.uasset" 176
"../../../Engine/Content/EngineDebugMaterials/VolumeToRender.uexp" 177
"../../../Engine/Content/EngineDebugMaterials/M_VolumeRenderSphereTracePP.uasset" 178
"../../../Engine/Content/EngineDebugMaterials/M_VolumeRenderSphereTracePP.uexp" 179
"../../../Engine/Content/EngineDebugMaterials/M_SimpleUnlitTranslucent.uasset" 180
"../../../Engine/Content/EngineDebugMaterials/M_SimpleUnlitTranslucent.uexp" 181
"../../../Engine/Content/EngineDebugMaterials/DebugMeshMaterial.uasset" 182
"../../../Engine/Content/EngineDebugMaterials/DebugMeshMaterial.uexp" 183
"../../../Engine/Content/EngineDebugMaterials/DebugEditorMaterial.uasset" 184
"../../../Engine/Content/EngineDebugMaterials/DebugEditorMaterial.uexp" 185
"../../../Engine/Content/EngineFonts/Faces/RobotoLight.uexp" 186
"../../../Engine/Content/EngineFonts/Faces/RobotoLight.uasset" 187
"../../../Engine/Content/EngineFonts/Faces/RobotoLight.ufont" 188
"../../../Engine/Content/EngineFonts/Faces/RobotoBold.uexp" 189
"../../../Engine/Content/EngineFonts/Faces/RobotoBold.uasset" 190
"../../../Engine/Content/EngineFonts/Faces/RobotoBold.ufont" 191
"../../../Engine/Content/EngineFonts/Faces/RobotoRegular.uexp" 192
"../../../Engine/Content/EngineFonts/Faces/RobotoRegular.uasset" 193
"../../../Engine/Content/EngineFonts/Faces/RobotoRegular.ufont" 194
"../../../Engine/Content/EngineFonts/Faces/DroidSansFallback.uexp" 195
"../../../Engine/Content/EngineFonts/Faces/DroidSansFallback.uasset" 196
"../../../Engine/Content/EngineFonts/Faces/DroidSansFallback.ufont" 197
"../../../Engine/Content/EngineFonts/Faces/RobotoItalic.uexp" 198
"../../../Engine/Content/EngineFonts/Faces/RobotoItalic.uasset" 199
"../../../Engine/Content/EngineFonts/Faces/RobotoItalic.ufont" 200
"../../../Engine/Content/EngineFonts/Faces/RobotoBoldItalic.uexp" 201
"../../../Engine/Content/EngineFonts/Faces/RobotoBoldItalic.uasset" 202
"../../../Engine/Content/EngineFonts/Faces/RobotoBoldItalic.ufont" 203
"../../../Engine/Content/EngineFonts/Roboto.uasset" 204
"../../../Engine/Content/EngineFonts/Roboto.uexp" 205
"../../../Engine/Content/EngineResources/WhiteSquareTexture.uasset" 206
"../../../Engine/Content/EngineResources/WhiteSquareTexture.uexp" 207
"../../../Engine/Content/EngineMaterials/Widget3DPassThrough.uasset" 208
"../../../Engine/Content/EngineMaterials/Widget3DPassThrough.uexp" 209
"../../../Engine/Content/EngineMaterials/Widget3DPassThrough_Translucent.uasset" 210
"../../../Engine/Content/EngineMaterials/Widget3DPassThrough_Translucent.uexp" 211
"../../../Engine/Content/EngineMaterials/Widget3DPassThrough_Translucent_OneSided.uasset" 212
"../../../Engine/Content/EngineMaterials/Widget3DPassThrough_Translucent_OneSided.uexp" 213
"../../../Engine/Content/EngineMaterials/Widget3DPassThrough_Opaque.uasset" 214
"../../../Engine/Content/EngineMaterials/Widget3DPassThrough_Opaque.uexp" 215
"../../../Engine/Content/EngineMaterials/Widget3DPassThrough_Opaque_OneSided.uasset" 216
"../../../Engine/Content/EngineMaterials/Widget3DPassThrough_Opaque_OneSided.uexp" 217
"../../../Engine/Content/EngineMaterials/Widget3DPassThrough_Masked_OneSided.uasset" 218
"../../../Engine/Content/EngineMaterials/Widget3DPassThrough_Masked_OneSided.uexp" 219
"../../../Engine/Content/EngineMaterials/Widget3DPassThrough_Masked.uasset" 220
"../../../Engine/Content/EngineMaterials/Widget3DPassThrough_Masked.uexp" 221
"../../../Engine/Content/EngineMaterials/STBlueNoise_vec2_128x128x64.uasset" 222
"../../../Engine/Content/EngineMaterials/STBlueNoise_vec2_128x128x64.uexp" 223
"../../../Engine/Content/EngineMaterials/STBlueNoise_scalar_128x128x64.uasset" 224
"../../../Engine/Content/EngineMaterials/STBlueNoise_scalar_128x128x64.uexp" 225
"../../../Engine/Content/EngineMaterials/RemoveSurfaceMaterial.uasset" 226
"../../../Engine/Content/EngineMaterials/RemoveSurfaceMaterial.uexp" 227
"../../../Engine/Content/EngineMaterials/DefaultCalibrationGrayscale.uasset" 228
"../../../Engine/Content/EngineMaterials/DefaultCalibrationGrayscale.uexp" 229
"../../../Engine/Content/EngineMaterials/PPM_DefaultCalibrationGrayscale.uasset" 230
"../../../Engine/Content/EngineMaterials/PPM_DefaultCalibrationGrayscale.uexp" 231
"../../../Engine/Content/EngineMaterials/DefaultCalibrationColor.uasset" 232
"../../../Engine/Content/EngineMaterials/DefaultCalibrationColor.uexp" 233
"../../../Engine/Content/EngineMaterials/PPM_DefaultCalibrationColor.uasset" 234
"../../../Engine/Content/EngineMaterials/PPM_DefaultCalibrationColor.uexp" 235
"../../../Engine/Content/Functions/Engine_MaterialFunctions02/WorldPositionOffset/CameraOffset.uasset" 236
"../../../Engine/Content/Functions/Engine_MaterialFunctions02/WorldPositionOffset/CameraOffset.uexp" 237
"../../../Engine/Content/EngineMaterials/PhAT_JointLimitMaterial.uasset" 238
"../../../Engine/Content/EngineMaterials/PhAT_JointLimitMaterial.uexp" 239
"../../../Engine/Content/EngineMaterials/InvalidLightmapSettings.ubulk" 240
"../../../Engine/Content/EngineMaterials/InvalidLightmapSettings.uasset" 241
"../../../Engine/Content/EngineMaterials/InvalidLightmapSettings.uexp" 242
"../../../Engine/Content/EngineMaterials/M_InvalidLightmapSettings.uasset" 243
"../../../Engine/Content/EngineMaterials/M_InvalidLightmapSettings.uexp" 244
"../../../Engine/Content/EngineMaterials/GizmoMaterial.uasset" 245
"../../../Engine/Content/EngineMaterials/GizmoMaterial.uexp" 246
"../../../Engine/Content/EngineMaterials/BaseFlattenEmissiveMap_VT.uasset" 247
"../../../Engine/Content/EngineMaterials/BaseFlattenEmissiveMap_VT.uexp" 248
"../../../Engine/Content/EngineMaterials/BaseFlattenGrayscaleMap_VT.uasset" 249
"../../../Engine/Content/EngineMaterials/BaseFlattenGrayscaleMap_VT.uexp" 250
"../../../Engine/Content/EngineMaterials/BaseFlattenLinearColor_VT.uasset" 251
"../../../Engine/Content/EngineMaterials/BaseFlattenLinearColor_VT.uexp" 252
"../../../Engine/Content/EngineMaterials/Black_1x1_EXR_Texture_VT.uasset" 253
"../../../Engine/Content/EngineMaterials/Black_1x1_EXR_Texture_VT.uexp" 254
"../../../Engine/Content/EngineMaterials/BaseFlattenDiffuseMap_VT.uasset" 255
"../../../Engine/Content/EngineMaterials/BaseFlattenDiffuseMap_VT.uexp" 256
"../../../Engine/Content/EngineMaterials/BaseFlattenNormalMap_VT.uasset" 257
"../../../Engine/Content/EngineMaterials/BaseFlattenNormalMap_VT.uexp" 258
"../../../Engine/Content/EngineMaterials/FlattenMaterial_WS_Normal_VT.uasset" 259
"../../../Engine/Content/EngineMaterials/FlattenMaterial_WS_Normal_VT.uexp" 260
"../../../Engine/Content/EngineMaterials/FlattenMaterial_VT.uasset" 261
"../../../Engine/Content/EngineMaterials/FlattenMaterial_VT.uexp" 262
"../../../Engine/Content/EngineMaterials/BaseFlattenNormalMap.uasset" 263
"../../../Engine/Content/EngineMaterials/BaseFlattenNormalMap.uexp" 264
"../../../Engine/Content/EngineMaterials/BaseFlattenGrayscaleMap.uasset" 265
"../../../Engine/Content/EngineMaterials/BaseFlattenGrayscaleMap.uexp" 266
"../../../Engine/Content/EngineMaterials/BaseFlattenDiffuseMap.uasset" 267
"../../../Engine/Content/EngineMaterials/BaseFlattenDiffuseMap.uexp" 268
"../../../Engine/Content/Functions/Engine_MaterialFunctions02/PivotPainter2/Black_1x1_EXR_Texture.uasset" 269
"../../../Engine/Content/Functions/Engine_MaterialFunctions02/PivotPainter2/Black_1x1_EXR_Texture.uexp" 270
"../../../Engine/Content/EngineMaterials/BaseFlattenEmissiveMap.uasset" 271
"../../../Engine/Content/EngineMaterials/BaseFlattenEmissiveMap.uexp" 272
"../../../Engine/Content/EngineMaterials/BaseFlattenLinearColor.uasset" 273
"../../../Engine/Content/EngineMaterials/BaseFlattenLinearColor.uexp" 274
"../../../Engine/Content/EngineMaterials/FlattenMaterial.uasset" 275
"../../../Engine/Content/EngineMaterials/FlattenMaterial.uexp" 276
"../../../Engine/Content/EngineMaterials/DefaultWhiteGrid_Low.uasset" 277
"../../../Engine/Content/EngineMaterials/DefaultWhiteGrid_Low.uexp" 278
"../../../Engine/Content/EngineMaterials/EmissiveMeshMaterial.uasset" 279
"../../../Engine/Content/EngineMaterials/EmissiveMeshMaterial.uexp" 280
"../../../Engine/Content/EngineFonts/RobotoDistanceField.uasset" 281
"../../../Engine/Content/EngineFonts/RobotoDistanceField.uexp" 282
"../../../Engine/Content/EngineMaterials/DefaultTextMaterialOpaque.uasset" 283
"../../../Engine/Content/EngineMaterials/DefaultTextMaterialOpaque.uexp" 284
"../../../Engine/Content/EngineMaterials/DefaultDiffuse.ubulk" 285
"../../../Engine/Content/EngineMaterials/DefaultDiffuse.uasset" 286
"../../../Engine/Content/EngineMaterials/DefaultDiffuse.uexp" 287
"../../../Engine/Content/Functions/Engine_MaterialFunctions02/Utility/BreakOutFloat2Components.uasset" 288
"../../../Engine/Content/Functions/Engine_MaterialFunctions02/Utility/BreakOutFloat2Components.uexp" 289
"../../../Engine/Content/EngineMaterials/DefaultPostProcessMaterial.uasset" 290
"../../../Engine/Content/EngineMaterials/DefaultPostProcessMaterial.uexp" 291
"../../../Engine/Content/EngineMaterials/DefaultPhysicalMaterial.uasset" 292
"../../../Engine/Content/EngineMaterials/DefaultPhysicalMaterial.uexp" 293
"../../../Engine/Content/EngineMaterials/DefaultLightFunctionMaterial.uasset" 294
"../../../Engine/Content/EngineMaterials/DefaultLightFunctionMaterial.uexp" 295
"../../../Engine/Content/EngineMaterials/DefaultDestructiblePhysicalMaterial.uasset" 296
"../../../Engine/Content/EngineMaterials/DefaultDestructiblePhysicalMaterial.uexp" 297
"../../../Engine/Content/EngineMaterials/DefaultDeferredDecalMaterial.uasset" 298
"../../../Engine/Content/EngineMaterials/DefaultDeferredDecalMaterial.uexp" 299
"../../../Engine/Content/EngineMaterials/DefaultBloomKernel.uasset" 300
"../../../Engine/Content/EngineMaterials/DefaultBloomKernel.uexp" 301
"../../../Engine/Content/EngineResources/FilmGrains/Marcie_Grain_v3_128_M2_000.uasset" 302
"../../../Engine/Content/EngineResources/FilmGrains/Marcie_Grain_v3_128_M2_000.uexp" 303
"../../../Engine/Content/EngineSky/VolumetricClouds/CloudWeatherTexture.uasset" 304
"../../../Engine/Content/EngineSky/VolumetricClouds/CloudWeatherTexture.uexp" 305
"../../../Engine/Content/Functions/Engine_MaterialFunctions02/Utility/MakeFloat2.uasset" 306
"../../../Engine/Content/Functions/Engine_MaterialFunctions02/Utility/MakeFloat2.uexp" 307
"../../../Engine/Content/EngineSky/VolumetricClouds/CloudGradientTexture.uasset" 308
"../../../Engine/Content/EngineSky/VolumetricClouds/CloudGradientTexture.uexp" 309
"../../../Engine/Content/EngineSky/VolumetricClouds/T_NoiseShape64.ubulk" 310
"../../../Engine/Content/EngineSky/VolumetricClouds/T_NoiseShape64.uasset" 311
"../../../Engine/Content/EngineSky/VolumetricClouds/T_NoiseShape64.uexp" 312
"../../../Engine/Content/EngineSky/VolumetricClouds/T_VolumeNoiseShape64.uasset" 313
"../../../Engine/Content/EngineSky/VolumetricClouds/T_VolumeNoiseShape64.uexp" 314
"../../../Engine/Content/EngineSky/VolumetricClouds/T_NoiseErosion.ubulk" 315
"../../../Engine/Content/EngineSky/VolumetricClouds/T_NoiseErosion.uasset" 316
"../../../Engine/Content/EngineSky/VolumetricClouds/T_NoiseErosion.uexp" 317
"../../../Engine/Content/EngineSky/VolumetricClouds/T_VolumeNoiseErosion32.uasset" 318
"../../../Engine/Content/EngineSky/VolumetricClouds/T_VolumeNoiseErosion32.uexp" 319
"../../../Engine/Content/EngineSky/VolumetricClouds/m_SimpleVolumetricCloud.uasset" 320
"../../../Engine/Content/EngineSky/VolumetricClouds/m_SimpleVolumetricCloud.uexp" 321
"../../../Engine/Content/EngineSky/VolumetricClouds/m_SimpleVolumetricCloud_Inst.uasset" 322
"../../../Engine/Content/EngineSky/VolumetricClouds/m_SimpleVolumetricCloud_Inst.uexp" 323
"../../../Engine/Content/EngineSounds/Master.uasset" 324
"../../../Engine/Content/EngineSounds/Master.uexp" 325
"../../../Engine/Content/Functions/Engine_MaterialFunctions01/Shading/PowerToRoughness.uasset" 326
"../../../Engine/Content/Functions/Engine_MaterialFunctions01/Shading/PowerToRoughness.uexp" 327
"../../../Engine/Content/MobileResources/HUD/VirtualJoystick_Background.uasset" 328
"../../../Engine/Content/MobileResources/HUD/VirtualJoystick_Background.uexp" 329
"../../../Engine/Content/MobileResources/HUD/VirtualJoystick_Thumb.uasset" 330
"../../../Engine/Content/MobileResources/HUD/VirtualJoystick_Thumb.uexp" 331
"../../../Engine/Content/MobileResources/HUD/DefaultVirtualJoysticks.uasset" 332
"../../../Engine/Content/MobileResources/HUD/DefaultVirtualJoysticks.uexp" 333
"../../../Engine/Plugins/2D/Paper2D/Content/PlaceholderTextures/DummySpriteTexture.ubulk" 334
"../../../Engine/Plugins/2D/Paper2D/Content/PlaceholderTextures/DummySpriteTexture.uasset" 335
"../../../Engine/Plugins/2D/Paper2D/Content/PlaceholderTextures/DummySpriteTexture.uexp" 336
"../../../Engine/Plugins/2D/Paper2D/Content/DefaultSpriteMaterial.uasset" 337
"../../../Engine/Plugins/2D/Paper2D/Content/DefaultSpriteMaterial.uexp" 338
"../../../Engine/Plugins/2D/Paper2D/Content/OpaqueUnlitSpriteMaterial.uasset" 339
"../../../Engine/Plugins/2D/Paper2D/Content/OpaqueUnlitSpriteMaterial.uexp" 340
"../../../Engine/Plugins/2D/Paper2D/Content/MaskedUnlitSpriteMaterial.uasset" 341
"../../../Engine/Plugins/2D/Paper2D/Content/MaskedUnlitSpriteMaterial.uexp" 342
"../../../Engine/Plugins/2D/Paper2D/Content/DummySprite.uasset" 343
"../../../Engine/Plugins/2D/Paper2D/Content/DummySprite.uexp" 344
"../../../Engine/Plugins/2D/Paper2D/Content/DefaultPaperTerrainMaterial.uasset" 345
"../../../Engine/Plugins/2D/Paper2D/Content/DefaultPaperTerrainMaterial.uexp" 346
"../../../Engine/Plugins/Animation/ControlRig/Content/M_Manip.uasset" 347
"../../../Engine/Plugins/Animation/ControlRig/Content/M_Manip.uexp" 348
"../../../Engine/Plugins/Animation/ControlRig/Content/Controls/DefaultGizmoLibraryNormalized.uasset" 349
"../../../Engine/Plugins/Animation/ControlRig/Content/Controls/DefaultGizmoLibraryNormalized.uexp" 350
"../../../Engine/Plugins/Animation/ControlRig/Content/Controls/ControlRig_Wedge_solid.ubulk" 351
"../../../Engine/Plugins/Animation/ControlRig/Content/Controls/ControlRig_Wedge_solid.uasset" 352
"../../../Engine/Plugins/Animation/ControlRig/Content/Controls/ControlRig_Wedge_solid.uexp" 353
"../../../Engine/Plugins/Animation/ControlRig/Content/Controls/ControlRig_Wedge_3mm.ubulk" 354
"../../../Engine/Plugins/Animation/ControlRig/Content/Controls/ControlRig_Wedge_3mm.uasset" 355
"../../../Engine/Plugins/Animation/ControlRig/Content/Controls/ControlRig_Wedge_3mm.uexp" 356
"../../../Engine/Plugins/Animation/ControlRig/Content/Controls/ControlRig_Wedge_1mm.ubulk" 357
"../../../Engine/Plugins/Animation/ControlRig/Content/Controls/ControlRig_Wedge_1mm.uasset" 358
"../../../Engine/Plugins/Animation/ControlRig/Content/Controls/ControlRig_Wedge_1mm.uexp" 359
"../../../Engine/Plugins/Animation/ControlRig/Content/Controls/ControlRig_Triangle_solid.ubulk" 360
"../../../Engine/Plugins/Animation/ControlRig/Content/Controls/ControlRig_Triangle_solid.uasset" 361
"../../../Engine/Plugins/Animation/ControlRig/Content/Controls/ControlRig_Triangle_solid.uexp" 362
"../../../Engine/Plugins/Animation/ControlRig/Content/Controls/ControlRig_Triangle_3mm.ubulk" 363
"../../../Engine/Plugins/Animation/ControlRig/Content/Controls/ControlRig_Triangle_3mm.uasset" 364
"../../../Engine/Plugins/Animation/ControlRig/Content/Controls/ControlRig_Triangle_3mm.uexp" 365
"../../../Engine/Plugins/Animation/ControlRig/Content/Controls/ControlRig_Triangle_1mm.ubulk" 366
"../../../Engine/Plugins/Animation/ControlRig/Content/Controls/ControlRig_Triangle_1mm.uasset" 367
"../../../Engine/Plugins/Animation/ControlRig/Content/Controls/ControlRig_Triangle_1mm.uexp" 368
"../../../Engine/Plugins/Animation/ControlRig/Content/Controls/ControlRig_Star4_solid.ubulk" 369
"../../../Engine/Plugins/Animation/ControlRig/Content/Controls/ControlRig_Star4_solid.uasset" 370
"../../../Engine/Plugins/Animation/ControlRig/Content/Controls/ControlRig_Star4_solid.uexp" 371
"../../../Engine/Plugins/Animation/ControlRig/Content/Controls/ControlRig_Star4_3mm.ubulk" 372
"../../../Engine/Plugins/Animation/ControlRig/Content/Controls/ControlRig_Star4_3mm.uasset" 373
"../../../Engine/Plugins/Animation/ControlRig/Content/Controls/ControlRig_Star4_3mm.uexp" 374
"../../../Engine/Plugins/Animation/ControlRig/Content/Controls/ControlRig_Star4_1mm.ubulk" 375
"../../../Engine/Plugins/Animation/ControlRig/Content/Controls/ControlRig_Star4_1mm.uasset" 376
"../../../Engine/Plugins/Animation/ControlRig/Content/Controls/ControlRig_Star4_1mm.uexp" 377
"../../../Engine/Plugins/Animation/ControlRig/Content/Controls/ControlRig_Square_solid.ubulk" 378
"../../../Engine/Plugins/Animation/ControlRig/Content/Controls/ControlRig_Square_solid.uasset" 379
"../../../Engine/Plugins/Animation/ControlRig/Content/Controls/ControlRig_Square_solid.uexp" 380
"../../../Engine/Plugins/Animation/ControlRig/Content/Controls/ControlRig_Square_3mm.ubulk" 381
"../../../Engine/Plugins/Animation/ControlRig/Content/Controls/ControlRig_Square_3mm.uasset" 382
"../../../Engine/Plugins/Animation/ControlRig/Content/Controls/ControlRig_Square_3mm.uexp" 383
"../../../Engine/Plugins/Animation/ControlRig/Content/Controls/ControlRig_Square_1mm.ubulk" 384
"../../../Engine/Plugins/Animation/ControlRig/Content/Controls/ControlRig_Square_1mm.uasset" 385
"../../../Engine/Plugins/Animation/ControlRig/Content/Controls/ControlRig_Square_1mm.uexp" 386
"../../../Engine/Plugins/Animation/ControlRig/Content/Controls/ControlRig_Sphere_solid.ubulk" 387
"../../../Engine/Plugins/Animation/ControlRig/Content/Controls/ControlRig_Sphere_solid.uasset" 388
"../../../Engine/Plugins/Animation/ControlRig/Content/Controls/ControlRig_Sphere_solid.uexp" 389
"../../../Engine/Plugins/Animation/ControlRig/Content/Controls/ControlRig_Sphere_3mm.ubulk" 390
"../../../Engine/Plugins/Animation/ControlRig/Content/Controls/ControlRig_Sphere_3mm.uasset" 391
"../../../Engine/Plugins/Animation/ControlRig/Content/Controls/ControlRig_Sphere_3mm.uexp" 392
"../../../Engine/Plugins/Animation/ControlRig/Content/Controls/ControlRig_Sphere_1mm.ubulk" 393
"../../../Engine/Plugins/Animation/ControlRig/Content/Controls/ControlRig_Sphere_1mm.uasset" 394
"../../../Engine/Plugins/Animation/ControlRig/Content/Controls/ControlRig_Sphere_1mm.uexp" 395
"../../../Engine/Plugins/Animation/ControlRig/Content/Controls/ControlRig_RoundedTriangle_solid.ubulk" 396
"../../../Engine/Plugins/Animation/ControlRig/Content/Controls/ControlRig_RoundedTriangle_solid.uasset" 397
"../../../Engine/Plugins/Animation/ControlRig/Content/Controls/ControlRig_RoundedTriangle_solid.uexp" 398
"../../../Engine/Plugins/Animation/ControlRig/Content/Controls/ControlRig_RoundedTriangle_3mm.ubulk" 399
"../../../Engine/Plugins/Animation/ControlRig/Content/Controls/ControlRig_RoundedTriangle_3mm.uasset" 400
"../../../Engine/Plugins/Animation/ControlRig/Content/Controls/ControlRig_RoundedTriangle_3mm.uexp" 401
"../../../Engine/Plugins/Animation/ControlRig/Content/Controls/ControlRig_RoundedTriangle_1mm.ubulk" 402
"../../../Engine/Plugins/Animation/ControlRig/Content/Controls/ControlRig_RoundedTriangle_1mm.uasset" 403
"../../../Engine/Plugins/Animation/ControlRig/Content/Controls/ControlRig_RoundedTriangle_1mm.uexp" 404
"../../../Engine/Plugins/Animation/ControlRig/Content/Controls/ControlRig_RoundedSquare_solid.ubulk" 405
"../../../Engine/Plugins/Animation/ControlRig/Content/Controls/ControlRig_RoundedSquare_solid.uasset" 406
"../../../Engine/Plugins/Animation/ControlRig/Content/Controls/ControlRig_RoundedSquare_solid.uexp" 407
"../../../Engine/Plugins/Animation/ControlRig/Content/Controls/ControlRig_RoundedSquare_3mm.ubulk" 408
"../../../Engine/Plugins/Animation/ControlRig/Content/Controls/ControlRig_RoundedSquare_3mm.uasset" 409
"../../../Engine/Plugins/Animation/ControlRig/Content/Controls/ControlRig_RoundedSquare_3mm.uexp" 410
"../../../Engine/Plugins/Animation/ControlRig/Content/Controls/ControlRig_RoundedSquare_1mm.ubulk" 411
"../../../Engine/Plugins/Animation/ControlRig/Content/Controls/ControlRig_RoundedSquare_1mm.uasset" 412
"../../../Engine/Plugins/Animation/ControlRig/Content/Controls/ControlRig_RoundedSquare_1mm.uexp" 413
"../../../Engine/Plugins/Animation/ControlRig/Content/Controls/ControlRig_QuarterCircle_solid.ubulk" 414
"../../../Engine/Plugins/Animation/ControlRig/Content/Controls/ControlRig_QuarterCircle_solid.uasset" 415
"../../../Engine/Plugins/Animation/ControlRig/Content/Controls/ControlRig_QuarterCircle_solid.uexp" 416
"../../../Engine/Plugins/Animation/ControlRig/Content/Controls/ControlRig_QuarterCircle_3mm.ubulk" 417
"../../../Engine/Plugins/Animation/ControlRig/Content/Controls/ControlRig_QuarterCircle_3mm.uasset" 418
"../../../Engine/Plugins/Animation/ControlRig/Content/Controls/ControlRig_QuarterCircle_3mm.uexp" 419
"../../../Engine/Plugins/Animation/ControlRig/Content/Controls/ControlRig_QuarterCircle_1mm.ubulk" 420
"../../../Engine/Plugins/Animation/ControlRig/Content/Controls/ControlRig_QuarterCircle_1mm.uasset" 421
"../../../Engine/Plugins/Animation/ControlRig/Content/Controls/ControlRig_QuarterCircle_1mm.uexp" 422
"../../../Engine/Plugins/Animation/ControlRig/Content/Controls/ControlRig_Pyramid_solid.ubulk" 423
"../../../Engine/Plugins/Animation/ControlRig/Content/Controls/ControlRig_Pyramid_solid.uasset" 424
"../../../Engine/Plugins/Animation/ControlRig/Content/Controls/ControlRig_Pyramid_solid.uexp" 425
"../../../Engine/Plugins/Animation/ControlRig/Content/Controls/ControlRig_Pyramid_3mm.ubulk" 426
"../../../Engine/Plugins/Animation/ControlRig/Content/Controls/ControlRig_Pyramid_3mm.uasset" 427
"../../../Engine/Plugins/Animation/ControlRig/Content/Controls/ControlRig_Pyramid_3mm.uexp" 428
"../../../Engine/Plugins/Animation/ControlRig/Content/Controls/ControlRig_Pyramid_1mm.ubulk" 429
"../../../Engine/Plugins/Animation/ControlRig/Content/Controls/ControlRig_Pyramid_1mm.uasset" 430
"../../../Engine/Plugins/Animation/ControlRig/Content/Controls/ControlRig_Pyramid_1mm.uexp" 431
"../../../Engine/Plugins/Animation/ControlRig/Content/Controls/ControlRig_Octagon_solid.ubulk" 432
"../../../Engine/Plugins/Animation/ControlRig/Content/Controls/ControlRig_Octagon_solid.uasset" 433
"../../../Engine/Plugins/Animation/ControlRig/Content/Controls/ControlRig_Octagon_solid.uexp" 434
"../../../Engine/Plugins/Animation/ControlRig/Content/Controls/ControlRig_Octagon_3mm.ubulk" 435
"../../../Engine/Plugins/Animation/ControlRig/Content/Controls/ControlRig_Octagon_3mm.uasset" 436
"../../../Engine/Plugins/Animation/ControlRig/Content/Controls/ControlRig_Octagon_3mm.uexp" 437
"../../../Engine/Plugins/Animation/ControlRig/Content/Controls/ControlRig_Octagon_1mm.ubulk" 438
"../../../Engine/Plugins/Animation/ControlRig/Content/Controls/ControlRig_Octagon_1mm.uasset" 439
"../../../Engine/Plugins/Animation/ControlRig/Content/Controls/ControlRig_Octagon_1mm.uexp" 440
"../../../Engine/Plugins/Animation/ControlRig/Content/Controls/ControlRig_Hexagon_solid.ubulk" 441
"../../../Engine/Plugins/Animation/ControlRig/Content/Controls/ControlRig_Hexagon_solid.uasset" 442
"../../../Engine/Plugins/Animation/ControlRig/Content/Controls/ControlRig_Hexagon_solid.uexp" 443
"../../../Engine/Plugins/Animation/ControlRig/Content/Controls/ControlRig_Hexagon_3mm.ubulk" 444
"../../../Engine/Plugins/Animation/ControlRig/Content/Controls/ControlRig_Hexagon_3mm.uasset" 445
"../../../Engine/Plugins/Animation/ControlRig/Content/Controls/ControlRig_Hexagon_3mm.uexp" 446
"../../../Engine/Plugins/Animation/ControlRig/Content/Controls/ControlRig_Hexagon_1mm.ubulk" 447
"../../../Engine/Plugins/Animation/ControlRig/Content/Controls/ControlRig_Hexagon_1mm.uasset" 448
"../../../Engine/Plugins/Animation/ControlRig/Content/Controls/ControlRig_Hexagon_1mm.uexp" 449
"../../../Engine/Plugins/Animation/ControlRig/Content/Controls/ControlRig_HalfCircle_solid.ubulk" 450
"../../../Engine/Plugins/Animation/ControlRig/Content/Controls/ControlRig_HalfCircle_solid.uasset" 451
"../../../Engine/Plugins/Animation/ControlRig/Content/Controls/ControlRig_HalfCircle_solid.uexp" 452
"../../../Engine/Plugins/Animation/ControlRig/Content/Controls/ControlRig_HalfCircle_3mm.ubulk" 453
"../../../Engine/Plugins/Animation/ControlRig/Content/Controls/ControlRig_HalfCircle_3mm.uasset" 454
"../../../Engine/Plugins/Animation/ControlRig/Content/Controls/ControlRig_HalfCircle_3mm.uexp" 455
"../../../Engine/Plugins/Animation/ControlRig/Content/Controls/ControlRig_HalfCircle_1mm.ubulk" 456
"../../../Engine/Plugins/Animation/ControlRig/Content/Controls/ControlRig_HalfCircle_1mm.uasset" 457
"../../../Engine/Plugins/Animation/ControlRig/Content/Controls/ControlRig_HalfCircle_1mm.uexp" 458
"../../../Engine/Plugins/Animation/ControlRig/Content/Controls/ControlRig_Diamond_solid.ubulk" 459
"../../../Engine/Plugins/Animation/ControlRig/Content/Controls/ControlRig_Diamond_solid.uasset" 460
"../../../Engine/Plugins/Animation/ControlRig/Content/Controls/ControlRig_Diamond_solid.uexp" 461
"../../../Engine/Plugins/Animation/ControlRig/Content/Controls/ControlRig_Diamond_3mm.ubulk" 462
"../../../Engine/Plugins/Animation/ControlRig/Content/Controls/ControlRig_Diamond_3mm.uasset" 463
"../../../Engine/Plugins/Animation/ControlRig/Content/Controls/ControlRig_Diamond_3mm.uexp" 464
"../../../Engine/Plugins/Animation/ControlRig/Content/Controls/ControlRig_Diamond_1mm.ubulk" 465
"../../../Engine/Plugins/Animation/ControlRig/Content/Controls/ControlRig_Diamond_1mm.uasset" 466
"../../../Engine/Plugins/Animation/ControlRig/Content/Controls/ControlRig_Diamond_1mm.uexp" 467
"../../../Engine/Plugins/Animation/ControlRig/Content/Controls/ControlRig_Circle_solid.ubulk" 468
"../../../Engine/Plugins/Animation/ControlRig/Content/Controls/ControlRig_Circle_solid.uasset" 469
"../../../Engine/Plugins/Animation/ControlRig/Content/Controls/ControlRig_Circle_solid.uexp" 470
"../../../Engine/Plugins/Animation/ControlRig/Content/Controls/ControlRig_Circle_3mm.ubulk" 471
"../../../Engine/Plugins/Animation/ControlRig/Content/Controls/ControlRig_Circle_3mm.uasset" 472
"../../../Engine/Plugins/Animation/ControlRig/Content/Controls/ControlRig_Circle_3mm.uexp" 473
"../../../Engine/Plugins/Animation/ControlRig/Content/Controls/ControlRig_Circle_1mm.ubulk" 474
"../../../Engine/Plugins/Animation/ControlRig/Content/Controls/ControlRig_Circle_1mm.uasset" 475
"../../../Engine/Plugins/Animation/ControlRig/Content/Controls/ControlRig_Circle_1mm.uexp" 476
"../../../Engine/Plugins/Animation/ControlRig/Content/Controls/ControlRig_Box_solid.ubulk" 477
"../../../Engine/Plugins/Animation/ControlRig/Content/Controls/ControlRig_Box_solid.uasset" 478
"../../../Engine/Plugins/Animation/ControlRig/Content/Controls/ControlRig_Box_solid.uexp" 479
"../../../Engine/Plugins/Animation/ControlRig/Content/Controls/ControlRig_Box_3mm.ubulk" 480
"../../../Engine/Plugins/Animation/ControlRig/Content/Controls/ControlRig_Box_3mm.uasset" 481
"../../../Engine/Plugins/Animation/ControlRig/Content/Controls/ControlRig_Box_3mm.uexp" 482
"../../../Engine/Plugins/Animation/ControlRig/Content/Controls/ControlRig_Box_1mm.ubulk" 483
"../../../Engine/Plugins/Animation/ControlRig/Content/Controls/ControlRig_Box_1mm.uasset" 484
"../../../Engine/Plugins/Animation/ControlRig/Content/Controls/ControlRig_Box_1mm.uexp" 485
"../../../Engine/Plugins/Animation/ControlRig/Content/Controls/ControlRig_Arrow_solid.ubulk" 486
"../../../Engine/Plugins/Animation/ControlRig/Content/Controls/ControlRig_Arrow_solid.uasset" 487
"../../../Engine/Plugins/Animation/ControlRig/Content/Controls/ControlRig_Arrow_solid.uexp" 488
"../../../Engine/Plugins/Animation/ControlRig/Content/Controls/ControlRig_Arrow_3mm.ubulk" 489
"../../../Engine/Plugins/Animation/ControlRig/Content/Controls/ControlRig_Arrow_3mm.uasset" 490
"../../../Engine/Plugins/Animation/ControlRig/Content/Controls/ControlRig_Arrow_3mm.uexp" 491
"../../../Engine/Plugins/Animation/ControlRig/Content/Controls/ControlRig_Arrow_1mm.ubulk" 492
"../../../Engine/Plugins/Animation/ControlRig/Content/Controls/ControlRig_Arrow_1mm.uasset" 493
"../../../Engine/Plugins/Animation/ControlRig/Content/Controls/ControlRig_Arrow_1mm.uexp" 494
"../../../Engine/Plugins/Animation/ControlRig/Content/Controls/ControlRig_Arrow4_solid.ubulk" 495
"../../../Engine/Plugins/Animation/ControlRig/Content/Controls/ControlRig_Arrow4_solid.uasset" 496
"../../../Engine/Plugins/Animation/ControlRig/Content/Controls/ControlRig_Arrow4_solid.uexp" 497
"../../../Engine/Plugins/Animation/ControlRig/Content/Controls/ControlRig_Arrow4_3mm.ubulk" 498
"../../../Engine/Plugins/Animation/ControlRig/Content/Controls/ControlRig_Arrow4_3mm.uasset" 499
"../../../Engine/Plugins/Animation/ControlRig/Content/Controls/ControlRig_Arrow4_3mm.uexp" 500
"../../../Engine/Plugins/Animation/ControlRig/Content/Controls/ControlRig_Arrow4_1mm.ubulk" 501
"../../../Engine/Plugins/Animation/ControlRig/Content/Controls/ControlRig_Arrow4_1mm.uasset" 502
"../../../Engine/Plugins/Animation/ControlRig/Content/Controls/ControlRig_Arrow4_1mm.uexp" 503
"../../../Engine/Plugins/Animation/ControlRig/Content/Controls/ControlRig_Arrow2_solid.ubulk" 504
"../../../Engine/Plugins/Animation/ControlRig/Content/Controls/ControlRig_Arrow2_solid.uasset" 505
"../../../Engine/Plugins/Animation/ControlRig/Content/Controls/ControlRig_Arrow2_solid.uexp" 506
"../../../Engine/Plugins/Animation/ControlRig/Content/Controls/ControlRig_Arrow2_3mm.ubulk" 507
"../../../Engine/Plugins/Animation/ControlRig/Content/Controls/ControlRig_Arrow2_3mm.uasset" 508
"../../../Engine/Plugins/Animation/ControlRig/Content/Controls/ControlRig_Arrow2_3mm.uexp" 509
"../../../Engine/Plugins/Animation/ControlRig/Content/Controls/ControlRig_Arrow2_1mm.ubulk" 510
"../../../Engine/Plugins/Animation/ControlRig/Content/Controls/ControlRig_Arrow2_1mm.uasset" 511
"../../../Engine/Plugins/Animation/ControlRig/Content/Controls/ControlRig_Arrow2_1mm.uexp" 512
"../../../Engine/Plugins/Animation/ControlRig/Content/Controls/ControlRigXRayMaterial.uasset" 513
"../../../Engine/Plugins/Animation/ControlRig/Content/Controls/ControlRigXRayMaterial.uexp" 514
"../../../Engine/Plugins/Animation/ControlRig/Content/Controls/ControlRigGizmoMaterial.uasset" 515
"../../../Engine/Plugins/Animation/ControlRig/Content/Controls/ControlRigGizmoMaterial.uexp" 516
"../../../Engine/Plugins/Editor/SpeedTreeImporter/Content/SpeedTree9/game_wind_noise.ubulk" 517
"../../../Engine/Plugins/Editor/SpeedTreeImporter/Content/SpeedTree9/game_wind_noise.uasset" 518
"../../../Engine/Plugins/Editor/SpeedTreeImporter/Content/SpeedTree9/game_wind_noise.uexp" 519
"../../../Engine/Plugins/Editor/SpeedTreeImporter/Content/SpeedTree9/UnpackDirection.uasset" 520
"../../../Engine/Plugins/Editor/SpeedTreeImporter/Content/SpeedTree9/UnpackDirection.uexp" 521
"../../../Engine/Content/Functions/Engine_MaterialFunctions02/ObjectLocalBounds.uasset" 522
"../../../Engine/Content/Functions/Engine_MaterialFunctions02/ObjectLocalBounds.uexp" 523
"../../../Engine/Content/Functions/Engine_MaterialFunctions02/UVs/BoundingBoxBased_0-1_UVW.uasset" 524
"../../../Engine/Content/Functions/Engine_MaterialFunctions02/UVs/BoundingBoxBased_0-1_UVW.uexp" 525
"../../../Engine/Content/Functions/Engine_MaterialFunctions02/Utility/VectorLength.uasset" 526
"../../../Engine/Content/Functions/Engine_MaterialFunctions02/Utility/VectorLength.uexp" 527
"../../../Engine/Plugins/Editor/SpeedTreeImporter/Content/SpeedTree9/UnpackInteger3.uasset" 528
"../../../Engine/Plugins/Editor/SpeedTreeImporter/Content/SpeedTree9/UnpackInteger3.uexp" 529
"../../../Engine/Plugins/Editor/SpeedTreeImporter/Content/SpeedTree9/SpeedTreeCameraFacing.uasset" 530
"../../../Engine/Plugins/Editor/SpeedTreeImporter/Content/SpeedTree9/SpeedTreeCameraFacing.uexp" 531
"../../../Engine/Content/Functions/Engine_MaterialFunctions02/WorldPositionOffset/ObjectScale.uasset" 532
"../../../Engine/Content/Functions/Engine_MaterialFunctions02/WorldPositionOffset/ObjectScale.uexp" 533
"../../../Engine/Content/Functions/Engine_MaterialFunctions02/SafeNormalize.uasset" 534
"../../../Engine/Content/Functions/Engine_MaterialFunctions02/SafeNormalize.uexp" 535
"../../../Engine/Plugins/Editor/SpeedTreeImporter/Content/SpeedTree9/SpeedTreeWindMotion.uasset" 536
"../../../Engine/Plugins/Editor/SpeedTreeImporter/Content/SpeedTree9/SpeedTreeWindMotion.uexp" 537
"../../../Engine/Plugins/Editor/SpeedTreeImporter/Content/SpeedTree9/SpeedTreeBranchMotion.uasset" 538
"../../../Engine/Plugins/Editor/SpeedTreeImporter/Content/SpeedTree9/SpeedTreeBranchMotion.uexp" 539
"../../../Engine/Plugins/Editor/SpeedTreeImporter/Content/SpeedTree9/SpeedTreeWind.uasset" 540
"../../../Engine/Plugins/Editor/SpeedTreeImporter/Content/SpeedTree9/SpeedTreeWind.uexp" 541
"../../../Engine/Plugins/Editor/SpeedTreeImporter/Content/SpeedTree9/EmptyNormal.uasset" 542
"../../../Engine/Plugins/Editor/SpeedTreeImporter/Content/SpeedTree9/EmptyNormal.uexp" 543
"../../../Engine/Plugins/Editor/SpeedTreeImporter/Content/SpeedTree9/Empty.uasset" 544
"../../../Engine/Plugins/Editor/SpeedTreeImporter/Content/SpeedTree9/Empty.uexp" 545
"../../../Engine/Plugins/Editor/SpeedTreeImporter/Content/SpeedTree9/SpeedTreeMaster.uasset" 546
"../../../Engine/Plugins/Editor/SpeedTreeImporter/Content/SpeedTree9/SpeedTreeMaster.uexp" 547
"../../../Engine/Plugins/Editor/SpeedTreeImporter/Content/SpeedTree9/SpeedTreeBillboard.uasset" 548
"../../../Engine/Plugins/Editor/SpeedTreeImporter/Content/SpeedTree9/SpeedTreeBillboard.uexp" 549
"../../../Engine/Plugins/Editor/SpeedTreeImporter/Content/SpeedTree9/SpeedTreeBillboardMaster.uasset" 550
"../../../Engine/Plugins/Editor/SpeedTreeImporter/Content/SpeedTree9/SpeedTreeBillboardMaster.uexp" 551
"../../../Engine/Content/Functions/Engine_MaterialFunctions02/Texturing/CustomRotator.uasset" 552
"../../../Engine/Content/Functions/Engine_MaterialFunctions02/Texturing/CustomRotator.uexp" 553
"../../../Engine/Content/Functions/Engine_MaterialFunctions02/Texturing/ScreenAlignedPixelToPixelUVs.uasset" 554
"../../../Engine/Content/Functions/Engine_MaterialFunctions02/Texturing/ScreenAlignedPixelToPixelUVs.uexp" 555
"../../../Engine/Plugins/Interchange/Runtime/Content/Utilities/T_Bayer64_Grayscale_64px.uasset" 556
"../../../Engine/Plugins/Interchange/Runtime/Content/Utilities/T_Bayer64_Grayscale_64px.uexp" 557
"../../../Engine/Plugins/Interchange/Runtime/Content/gltf/MaterialFunctions/MF_Temporal_Blur.uasset" 558
"../../../Engine/Plugins/Interchange/Runtime/Content/gltf/MaterialFunctions/MF_Temporal_Blur.uexp" 559
"../../../Engine/Plugins/Interchange/Runtime/Content/gltf/MaterialFunctions/MF_Fresnel_DS.uasset" 560
"../../../Engine/Plugins/Interchange/Runtime/Content/gltf/MaterialFunctions/MF_Fresnel_DS.uexp" 561
"../../../Engine/Plugins/Interchange/Runtime/Content/Functions/MX_Transmission.uasset" 562
"../../../Engine/Plugins/Interchange/Runtime/Content/Functions/MX_Transmission.uexp" 563
"../../../Engine/Plugins/Interchange/Runtime/Content/Functions/MF_OrenNayerView.uasset" 564
"../../../Engine/Plugins/Interchange/Runtime/Content/Functions/MF_OrenNayerView.uexp" 565
"../../../Engine/Plugins/Interchange/Runtime/Content/Functions/MF_SchlickApprox.uasset" 566
"../../../Engine/Plugins/Interchange/Runtime/Content/Functions/MF_SchlickApprox.uexp" 567
"../../../Engine/Plugins/Interchange/Runtime/Content/Utilities/New_LUT.uasset" 568
"../../../Engine/Plugins/Interchange/Runtime/Content/Utilities/New_LUT.uexp" 569
"../../../Engine/Content/Functions/Engine_MaterialFunctions03/Math/RemapValueRange.uasset" 570
"../../../Engine/Content/Functions/Engine_MaterialFunctions03/Math/RemapValueRange.uexp" 571
"../../../Engine/Plugins/Interchange/Runtime/Content/Functions/MF_Iridescence.uasset" 572
"../../../Engine/Plugins/Interchange/Runtime/Content/Functions/MF_Iridescence.uexp" 573
"../../../Engine/Plugins/Interchange/Runtime/Content/Functions/MX_StandardSurface.uasset" 574
"../../../Engine/Plugins/Interchange/Runtime/Content/Functions/MX_StandardSurface.uexp" 575
"../../../Engine/Plugins/Interchange/Runtime/Content/Functions/MX_TransmissionSurface.uasset" 576
"../../../Engine/Plugins/Interchange/Runtime/Content/Functions/MX_TransmissionSurface.uexp" 577
"../../../Engine/Content/Functions/Engine_MaterialFunctions02/Math/AddComponents.uasset" 578
"../../../Engine/Content/Functions/Engine_MaterialFunctions02/Math/AddComponents.uexp" 579
"../../../Engine/Content/Functions/Engine_MaterialFunctions02/WorldPositionOffset/V2/ObjectScale.uasset" 580
"../../../Engine/Content/Functions/Engine_MaterialFunctions02/WorldPositionOffset/V2/ObjectScale.uexp" 581
"../../../Engine/Plugins/Interchange/Runtime/Content/gltf/MaterialFunctions/MF_TransmissionOpacity.uasset" 582
"../../../Engine/Plugins/Interchange/Runtime/Content/gltf/MaterialFunctions/MF_TransmissionOpacity.uexp" 583
"../../../Engine/Plugins/Interchange/Runtime/Content/gltf/MaterialFunctions/MF_RotateV2.uasset" 584
"../../../Engine/Plugins/Interchange/Runtime/Content/gltf/MaterialFunctions/MF_RotateV2.uexp" 585
"../../../Engine/Plugins/Interchange/Runtime/Content/gltf/MaterialFunctions/MF_TransformUVs.uasset" 586
"../../../Engine/Plugins/Interchange/Runtime/Content/gltf/MaterialFunctions/MF_TransformUVs.uexp" 587
"../../../Engine/Plugins/Interchange/Runtime/Content/gltf/Textures/T_White_srgb.uasset" 588
"../../../Engine/Plugins/Interchange/Runtime/Content/gltf/Textures/T_White_srgb.uexp" 589
"../../../Engine/Plugins/Interchange/Runtime/Content/gltf/MaterialFunctions/MF_BaseColor.uasset" 590
"../../../Engine/Plugins/Interchange/Runtime/Content/gltf/MaterialFunctions/MF_BaseColor.uexp" 591
"../../../Engine/Plugins/Interchange/Runtime/Content/gltf/MaterialFunctions/MF_DiffuseSpecGloss.uasset" 592
"../../../Engine/Plugins/Interchange/Runtime/Content/gltf/MaterialFunctions/MF_DiffuseSpecGloss.uexp" 593
"../../../Engine/Plugins/Interchange/Runtime/Content/gltf/Textures/T_White_Linear.uasset" 594
"../../../Engine/Plugins/Interchange/Runtime/Content/gltf/Textures/T_White_Linear.uexp" 595
"../../../Engine/Plugins/Interchange/Runtime/Content/gltf/MaterialFunctions/MF_MetallicRoughness.uasset" 596
"../../../Engine/Plugins/Interchange/Runtime/Content/gltf/MaterialFunctions/MF_MetallicRoughness.uexp" 597
"../../../Engine/Plugins/Interchange/Runtime/Content/gltf/MaterialFunctions/MF_Transmission.uasset" 598
"../../../Engine/Plugins/Interchange/Runtime/Content/gltf/MaterialFunctions/MF_Transmission.uexp" 599
"../../../Engine/Plugins/Interchange/Runtime/Content/gltf/MaterialFunctions/MF_Occlusion.uasset" 600
"../../../Engine/Plugins/Interchange/Runtime/Content/gltf/MaterialFunctions/MF_Occlusion.uexp" 601
"../../../Engine/Plugins/Interchange/Runtime/Content/gltf/MaterialFunctions/MF_Specular.uasset" 602
"../../../Engine/Plugins/Interchange/Runtime/Content/gltf/MaterialFunctions/MF_Specular.uexp" 603
"../../../Engine/Plugins/Interchange/Runtime/Content/gltf/MaterialFunctions/MF_IOR.uasset" 604
"../../../Engine/Plugins/Interchange/Runtime/Content/gltf/MaterialFunctions/MF_IOR.uexp" 605
"../../../Engine/Content/Functions/Engine_MaterialFunctions01/Texturing/FlattenNormal.uasset" 606
"../../../Engine/Content/Functions/Engine_MaterialFunctions01/Texturing/FlattenNormal.uexp" 607
"../../../Engine/Content/Functions/Engine_MaterialFunctions02/Math/Transform3x3Matrix.uasset" 608
"../../../Engine/Content/Functions/Engine_MaterialFunctions02/Math/Transform3x3Matrix.uexp" 609
"../../../Engine/Plugins/Interchange/Runtime/Content/gltf/MaterialFunctions/MF_RotateNormals_TS.uasset" 610
"../../../Engine/Plugins/Interchange/Runtime/Content/gltf/MaterialFunctions/MF_RotateNormals_TS.uexp" 611
"../../../Engine/Plugins/Interchange/Runtime/Content/gltf/Textures/T_Generic_N.uasset" 612
"../../../Engine/Plugins/Interchange/Runtime/Content/gltf/Textures/T_Generic_N.uexp" 613
"../../../Engine/Plugins/Interchange/Runtime/Content/gltf/MaterialFunctions/MF_Normals.uasset" 614
"../../../Engine/Plugins/Interchange/Runtime/Content/gltf/MaterialFunctions/MF_Normals.uexp" 615
"../../../Engine/Plugins/Interchange/Runtime/Content/gltf/MaterialFunctions/MF_PerceivedBrightness.uasset" 616
"../../../Engine/Plugins/Interchange/Runtime/Content/gltf/MaterialFunctions/MF_PerceivedBrightness.uexp" 617
"../../../Engine/Plugins/Interchange/Runtime/Content/gltf/MaterialFunctions/MF_SpecGlossToMetalRoughness.uasset" 618
"../../../Engine/Plugins/Interchange/Runtime/Content/gltf/MaterialFunctions/MF_SpecGlossToMetalRoughness.uexp" 619
"../../../Engine/Plugins/Interchange/Runtime/Content/gltf/M_Transmission.uasset" 620
"../../../Engine/Plugins/Interchange/Runtime/Content/gltf/M_Transmission.uexp" 621
"../../../Engine/Plugins/Interchange/Runtime/Content/gltf/MaterialInstances_MR/MI_Transmission_TS.uasset" 622
"../../../Engine/Plugins/Interchange/Runtime/Content/gltf/MaterialInstances_MR/MI_Transmission_TS.uexp" 623
"../../../Engine/Plugins/Interchange/Runtime/Content/gltf/MaterialInstances_MR/MI_Transmission.uasset" 624
"../../../Engine/Plugins/Interchange/Runtime/Content/gltf/MaterialInstances_MR/MI_Transmission.uexp" 625
"../../../Engine/Plugins/Interchange/Runtime/Content/gltf/MaterialFunctions/MF_Clearcoat.uasset" 626
"../../../Engine/Plugins/Interchange/Runtime/Content/gltf/MaterialFunctions/MF_Clearcoat.uexp" 627
"../../../Engine/Plugins/Interchange/Runtime/Content/gltf/MaterialFunctions/MF_Emissive.uasset" 628
"../../../Engine/Plugins/Interchange/Runtime/Content/gltf/MaterialFunctions/MF_Emissive.uexp" 629
"../../../Engine/Plugins/Interchange/Runtime/Content/gltf/M_Translucent.uasset" 630
"../../../Engine/Plugins/Interchange/Runtime/Content/gltf/M_Translucent.uexp" 631
"../../../Engine/Plugins/Interchange/Runtime/Content/gltf/MaterialInstances_MR/MI_Translucent_TS.uasset" 632
"../../../Engine/Plugins/Interchange/Runtime/Content/gltf/MaterialInstances_MR/MI_Translucent_TS.uexp" 633
"../../../Engine/Plugins/Interchange/Runtime/Content/gltf/MaterialInstances_MR/MI_Translucent_ClearCoat_TS.uasset" 634
"../../../Engine/Plugins/Interchange/Runtime/Content/gltf/MaterialInstances_MR/MI_Translucent_ClearCoat_TS.uexp" 635
"../../../Engine/Plugins/Interchange/Runtime/Content/gltf/MaterialInstances_MR/MI_Translucent_ClearCoat.uasset" 636
"../../../Engine/Plugins/Interchange/Runtime/Content/gltf/MaterialInstances_MR/MI_Translucent_ClearCoat.uexp" 637
"../../../Engine/Plugins/Interchange/Runtime/Content/gltf/MaterialInstances_MR/MI_Translucent.uasset" 638
"../../../Engine/Plugins/Interchange/Runtime/Content/gltf/MaterialInstances_MR/MI_Translucent.uexp" 639
"../../../Engine/Plugins/Interchange/Runtime/Content/gltf/M_Unlit.uasset" 640
"../../../Engine/Plugins/Interchange/Runtime/Content/gltf/M_Unlit.uexp" 641
"../../../Engine/Plugins/Interchange/Runtime/Content/gltf/MaterialInstances_MR/MI_Opaque_Unlit_TS.uasset" 642
"../../../Engine/Plugins/Interchange/Runtime/Content/gltf/MaterialInstances_MR/MI_Opaque_Unlit_TS.uexp" 643
"../../../Engine/Plugins/Interchange/Runtime/Content/gltf/MaterialInstances_MR/MI_Opaque_Unlit.uasset" 644
"../../../Engine/Plugins/Interchange/Runtime/Content/gltf/MaterialInstances_MR/MI_Opaque_Unlit.uexp" 645
"../../../Engine/Plugins/Interchange/Runtime/Content/gltf/M_Opaque.uasset" 646
"../../../Engine/Plugins/Interchange/Runtime/Content/gltf/M_Opaque.uexp" 647
"../../../Engine/Plugins/Interchange/Runtime/Content/gltf/MaterialInstances_MR/MI_Opaque_TS.uasset" 648
"../../../Engine/Plugins/Interchange/Runtime/Content/gltf/MaterialInstances_MR/MI_Opaque_TS.uexp" 649
"../../../Engine/Plugins/Interchange/Runtime/Content/gltf/MaterialFunctions/MF_Sheen.uasset" 650
"../../../Engine/Plugins/Interchange/Runtime/Content/gltf/MaterialFunctions/MF_Sheen.uexp" 651
"../../../Engine/Content/Functions/Engine_MaterialFunctions01/Shading/FuzzyShading.uasset" 652
"../../../Engine/Content/Functions/Engine_MaterialFunctions01/Shading/FuzzyShading.uexp" 653
"../../../Engine/Plugins/Interchange/Runtime/Content/gltf/M_Sheen.uasset" 654
"../../../Engine/Plugins/Interchange/Runtime/Content/gltf/M_Sheen.uexp" 655
"../../../Engine/Plugins/Interchange/Runtime/Content/gltf/MaterialInstances_MR/MI_Opaque_Sheen_TS.uasset" 656
"../../../Engine/Plugins/Interchange/Runtime/Content/gltf/MaterialInstances_MR/MI_Opaque_Sheen_TS.uexp" 657
"../../../Engine/Plugins/Interchange/Runtime/Content/gltf/MaterialInstances_MR/MI_Opaque_Sheen.uasset" 658
"../../../Engine/Plugins/Interchange/Runtime/Content/gltf/MaterialInstances_MR/MI_Opaque_Sheen.uexp" 659
"../../../Engine/Plugins/Interchange/Runtime/Content/gltf/MaterialInstances_MR/MI_Opaque_ClearCoat_TS.uasset" 660
"../../../Engine/Plugins/Interchange/Runtime/Content/gltf/MaterialInstances_MR/MI_Opaque_ClearCoat_TS.uexp" 661
"../../../Engine/Plugins/Interchange/Runtime/Content/gltf/MaterialInstances_MR/MI_Opaque_ClearCoat.uasset" 662
"../../../Engine/Plugins/Interchange/Runtime/Content/gltf/MaterialInstances_MR/MI_Opaque_ClearCoat.uexp" 663
"../../../Engine/Plugins/Interchange/Runtime/Content/gltf/MaterialInstances_MR/MI_Opaque.uasset" 664
"../../../Engine/Plugins/Interchange/Runtime/Content/gltf/MaterialInstances_MR/MI_Opaque.uexp" 665
"../../../Engine/Plugins/Interchange/Runtime/Content/gltf/MaterialInstances_SG/MI_Transmission_TS.uasset" 666
"../../../Engine/Plugins/Interchange/Runtime/Content/gltf/MaterialInstances_SG/MI_Transmission_TS.uexp" 667
"../../../Engine/Plugins/Interchange/Runtime/Content/gltf/MaterialInstances_SG/MI_Transmission.uasset" 668
"../../../Engine/Plugins/Interchange/Runtime/Content/gltf/MaterialInstances_SG/MI_Transmission.uexp" 669
"../../../Engine/Plugins/Interchange/Runtime/Content/gltf/MaterialInstances_SG/MI_Translucent_TS.uasset" 670
"../../../Engine/Plugins/Interchange/Runtime/Content/gltf/MaterialInstances_SG/MI_Translucent_TS.uexp" 671
"../../../Engine/Plugins/Interchange/Runtime/Content/gltf/MaterialInstances_SG/MI_Translucent_ClearCoat_TS.uasset" 672
"../../../Engine/Plugins/Interchange/Runtime/Content/gltf/MaterialInstances_SG/MI_Translucent_ClearCoat_TS.uexp" 673
"../../../Engine/Plugins/Interchange/Runtime/Content/gltf/MaterialInstances_SG/MI_Translucent_ClearCoat.uasset" 674
"../../../Engine/Plugins/Interchange/Runtime/Content/gltf/MaterialInstances_SG/MI_Translucent_ClearCoat.uexp" 675
"../../../Engine/Plugins/Interchange/Runtime/Content/gltf/MaterialInstances_SG/MI_Translucent.uasset" 676
"../../../Engine/Plugins/Interchange/Runtime/Content/gltf/MaterialInstances_SG/MI_Translucent.uexp" 677
"../../../Engine/Plugins/Interchange/Runtime/Content/gltf/MaterialInstances_SG/MI_Opaque_TS.uasset" 678
"../../../Engine/Plugins/Interchange/Runtime/Content/gltf/MaterialInstances_SG/MI_Opaque_TS.uexp" 679
"../../../Engine/Plugins/Interchange/Runtime/Content/gltf/MaterialInstances_SG/MI_Opaque_Sheen_TS.uasset" 680
"../../../Engine/Plugins/Interchange/Runtime/Content/gltf/MaterialInstances_SG/MI_Opaque_Sheen_TS.uexp" 681
"../../../Engine/Plugins/Interchange/Runtime/Content/gltf/MaterialInstances_SG/MI_Opaque_Sheen.uasset" 682
"../../../Engine/Plugins/Interchange/Runtime/Content/gltf/MaterialInstances_SG/MI_Opaque_Sheen.uexp" 683
"../../../Engine/Plugins/Interchange/Runtime/Content/gltf/MaterialInstances_SG/MI_Opaque_ClearCoat_TS.uasset" 684
"../../../Engine/Plugins/Interchange/Runtime/Content/gltf/MaterialInstances_SG/MI_Opaque_ClearCoat_TS.uexp" 685
"../../../Engine/Plugins/Interchange/Runtime/Content/gltf/MaterialInstances_SG/MI_Opaque_ClearCoat.uasset" 686
"../../../Engine/Plugins/Interchange/Runtime/Content/gltf/MaterialInstances_SG/MI_Opaque_ClearCoat.uexp" 687
"../../../Engine/Plugins/Interchange/Runtime/Content/gltf/MaterialInstances_SG/MI_Opaque.uasset" 688
"../../../Engine/Plugins/Interchange/Runtime/Content/gltf/MaterialInstances_SG/MI_Opaque.uexp" 689
"../../../Engine/Plugins/Interchange/Runtime/Content/gltf/Textures/T_Gray_Linear.uasset" 690
"../../../Engine/Plugins/Interchange/Runtime/Content/gltf/Textures/T_Gray_Linear.uexp" 691
"../../../Engine/Plugins/Interchange/Runtime/Content/gltf/Textures/T_Black_srgb.uasset" 692
"../../../Engine/Plugins/Interchange/Runtime/Content/gltf/Textures/T_Black_srgb.uexp" 693
"../../../Engine/Plugins/Interchange/Runtime/Content/Materials/UnlitMaterial.uasset" 694
"../../../Engine/Plugins/Interchange/Runtime/Content/Materials/UnlitMaterial.uexp" 695
"../../../Engine/Content/EngineMaterials/DefaultNormal.ubulk" 696
"../../../Engine/Content/EngineMaterials/DefaultNormal.uasset" 697
"../../../Engine/Content/EngineMaterials/DefaultNormal.uexp" 698
"../../../Engine/Plugins/Interchange/Runtime/Content/Materials/MapOrScalarFunction.uasset" 699
"../../../Engine/Plugins/Interchange/Runtime/Content/Materials/MapOrScalarFunction.uexp" 700
"../../../Engine/Plugins/Interchange/Runtime/Content/Materials/MapOrLinearColorFunction.uasset" 701
"../../../Engine/Plugins/Interchange/Runtime/Content/Materials/MapOrLinearColorFunction.uexp" 702
"../../../Engine/Plugins/Interchange/Runtime/Content/Materials/MapOrColorFunction.uasset" 703
"../../../Engine/Plugins/Interchange/Runtime/Content/Materials/MapOrColorFunction.uexp" 704
"../../../Engine/Plugins/Interchange/Runtime/Content/Materials/CommonMaterial.uasset" 705
"../../../Engine/Plugins/Interchange/Runtime/Content/Materials/CommonMaterial.uexp" 706
"../../../Engine/Plugins/Interchange/Runtime/Content/Materials/PBRSurfaceFunction.uasset" 707
"../../../Engine/Plugins/Interchange/Runtime/Content/Materials/PBRSurfaceFunction.uexp" 708
"../../../Engine/Plugins/Interchange/Runtime/Content/Materials/ThinTranslucentMaterial.uasset" 709
"../../../Engine/Plugins/Interchange/Runtime/Content/Materials/ThinTranslucentMaterial.uexp" 710
"../../../Engine/Plugins/Interchange/Runtime/Content/Materials/SubsurfaceMaterial.uasset" 711
"../../../Engine/Plugins/Interchange/Runtime/Content/Materials/SubsurfaceMaterial.uexp" 712
"../../../Engine/Plugins/Interchange/Runtime/Content/Materials/SheenMaterial.uasset" 713
"../../../Engine/Plugins/Interchange/Runtime/Content/Materials/SheenMaterial.uexp" 714
"../../../Engine/Content/Functions/Engine_MaterialFunctions01/Shading/ConvertFromDiffSpec.uasset" 715
"../../../Engine/Content/Functions/Engine_MaterialFunctions01/Shading/ConvertFromDiffSpec.uexp" 716
"../../../Engine/Plugins/Interchange/Runtime/Content/Materials/PhongSurfaceMaterial.uasset" 717
"../../../Engine/Plugins/Interchange/Runtime/Content/Materials/PhongSurfaceMaterial.uexp" 718
"../../../Engine/Plugins/Interchange/Runtime/Content/Materials/PBRSurfaceMaterial.uasset" 719
"../../../Engine/Plugins/Interchange/Runtime/Content/Materials/PBRSurfaceMaterial.uexp" 720
"../../../Engine/Content/EngineMaterials/FlatNormal.uasset" 721
"../../../Engine/Content/EngineMaterials/FlatNormal.uexp" 722
"../../../Engine/Content/EditorLandscapeResources/WhiteSquareTexture.uasset" 723
"../../../Engine/Content/EditorLandscapeResources/WhiteSquareTexture.uexp" 724
"../../../Engine/Plugins/Interchange/Runtime/Content/Materials/OrenNayerMaterial.uasset" 725
"../../../Engine/Plugins/Interchange/Runtime/Content/Materials/OrenNayerMaterial.uexp" 726
"../../../Engine/Plugins/Interchange/Runtime/Content/Materials/LambertSurfaceMaterial.uasset" 727
"../../../Engine/Plugins/Interchange/Runtime/Content/Materials/LambertSurfaceMaterial.uexp" 728
"../../../Engine/Plugins/Interchange/Runtime/Content/Materials/ClearCoatMaterial.uasset" 729
"../../../Engine/Plugins/Interchange/Runtime/Content/Materials/ClearCoatMaterial.uexp" 730
"../../../Engine/Plugins/Interchange/Runtime/Content/Pipelines/DefaultTexturePipeline.uasset" 731
"../../../Engine/Plugins/Interchange/Runtime/Content/Pipelines/DefaultTexturePipeline.uexp" 732
"../../../Engine/Plugins/Interchange/Runtime/Content/Pipelines/DefaultSceneLevelPipeline.uasset" 733
"../../../Engine/Plugins/Interchange/Runtime/Content/Pipelines/DefaultSceneLevelPipeline.uexp" 734
"../../../Engine/Plugins/Interchange/Runtime/Content/Pipelines/DefaultSceneAssetsPipeline.uasset" 735
"../../../Engine/Plugins/Interchange/Runtime/Content/Pipelines/DefaultSceneAssetsPipeline.uexp" 736
"../../../Engine/Plugins/Interchange/Runtime/Content/Pipelines/DefaultMaterialPipeline.uasset" 737
"../../../Engine/Plugins/Interchange/Runtime/Content/Pipelines/DefaultMaterialPipeline.uexp" 738
"../../../Engine/Plugins/Interchange/Runtime/Content/Pipelines/DefaultAssetsPipeline.uasset" 739
"../../../Engine/Plugins/Interchange/Runtime/Content/Pipelines/DefaultAssetsPipeline.uexp" 740
"../../../Engine/Plugins/MovieScene/MovieRenderPipeline/Content/Blueprints/UI_MovieRenderPipelineInfoTableRow.uasset" 741
"../../../Engine/Plugins/MovieScene/MovieRenderPipeline/Content/Blueprints/UI_MovieRenderPipelineInfoTableRow.uexp" 742
"../../../Engine/Content/ArtTools/RenderToTexture/Textures/127grey.uasset" 743
"../../../Engine/Content/ArtTools/RenderToTexture/Textures/127grey.uexp" 744
"../../../Engine/Plugins/MovieScene/MovieRenderPipeline/Content/Blueprints/M_MoviePipelineRenderPreview.uasset" 745
"../../../Engine/Plugins/MovieScene/MovieRenderPipeline/Content/Blueprints/M_MoviePipelineRenderPreview.uexp" 746
"../../../Engine/Plugins/MovieScene/MovieRenderPipeline/Content/Blueprints/UI_MovieRenderPipelineScreenOverlay.uasset" 747
"../../../Engine/Plugins/MovieScene/MovieRenderPipeline/Content/Blueprints/UI_MovieRenderPipelineScreenOverlay.uexp" 748
"../../../Engine/Content/EngineFonts/Faces/DroidSansMono.uexp" 749
"../../../Engine/Content/EngineFonts/Faces/DroidSansMono.uasset" 750
"../../../Engine/Content/EngineFonts/Faces/DroidSansMono.ufont" 751
"../../../Engine/Content/EngineFonts/DroidSansMono.uasset" 752
"../../../Engine/Content/EngineFonts/DroidSansMono.uexp" 753
"../../../Engine/Plugins/MovieScene/MovieRenderPipeline/Content/Blueprints/DefaultBurnIn.uasset" 754
"../../../Engine/Plugins/MovieScene/MovieRenderPipeline/Content/Blueprints/DefaultBurnIn.uexp" 755
"../../../Engine/Content/Functions/Engine_MaterialFunctions02/Utility/BreakOutFloat4Components.uasset" 756
"../../../Engine/Content/Functions/Engine_MaterialFunctions02/Utility/BreakOutFloat4Components.uexp" 757
"../../../Engine/Plugins/MovieScene/MovieRenderPipeline/Content/Materials/MovieRenderQueue_WorldDepth.uasset" 758
"../../../Engine/Plugins/MovieScene/MovieRenderPipeline/Content/Materials/MovieRenderQueue_WorldDepth.uexp" 759
"../../../Engine/Plugins/MovieScene/MovieRenderPipeline/Content/Materials/MovieRenderQueue_MotionVectors.uasset" 760
"../../../Engine/Plugins/MovieScene/MovieRenderPipeline/Content/Materials/MovieRenderQueue_MotionVectors.uexp" 761
"../../../Engine/Plugins/MovieScene/MovieRenderPipeline/Content/Materials/MoviePipeline_StencilCutout.uasset" 762
"../../../Engine/Plugins/MovieScene/MovieRenderPipeline/Content/Materials/MoviePipeline_StencilCutout.uexp" 763
"../../../Engine/Plugins/Runtime/MeshModelingToolset/Content/Materials/M_DynamicMeshComponentVtxColor.uasset" 764
"../../../Engine/Plugins/Runtime/MeshModelingToolset/Content/Materials/M_DynamicMeshComponentVtxColor.uexp" 765
"E:/Unreal Projects/Astroroide/Content/Astroroide/UI/Textures/T_Astroroide_Logo.ubulk" 766
"E:/Unreal Projects/Astroroide/Content/Astroroide/UI/Textures/T_Astroroide_Logo.uasset" 767
"E:/Unreal Projects/Astroroide/Content/Astroroide/UI/Textures/T_Astroroide_Logo.uexp" 768
"E:/Unreal Projects/Astroroide/Content/Astroroide/Materials/M_Interface.uasset" 769
"E:/Unreal Projects/Astroroide/Content/Astroroide/Materials/M_Interface.uexp" 770
"E:/Unreal Projects/Astroroide/Content/Astroroide/Materials/MI_AstroroideLogo.uasset" 771
"E:/Unreal Projects/Astroroide/Content/Astroroide/Materials/MI_AstroroideLogo.uexp" 772
"E:/Unreal Projects/Astroroide/Content/Astroroide/UI/WBP_DefaultSize.uasset" 773
"E:/Unreal Projects/Astroroide/Content/Astroroide/UI/WBP_DefaultSize.uexp" 774
"../../../Engine/Content/EditorBlueprintResources/StandardMacros.uasset" 775
"../../../Engine/Content/EditorBlueprintResources/StandardMacros.uexp" 776
"E:/Unreal Projects/Astroroide/Content/Astroroide/UI/WPB_Prompt.uasset" 777
"E:/Unreal Projects/Astroroide/Content/Astroroide/UI/WPB_Prompt.uexp" 778
"../../../Engine/Content/EngineSky/T_Sky_Stars.ubulk" 779
"../../../Engine/Content/EngineSky/T_Sky_Stars.uasset" 780
"../../../Engine/Content/EngineSky/T_Sky_Stars.uexp" 781
"../../../Engine/Content/EngineSky/T_Sky_Clouds_M.ubulk" 782
"../../../Engine/Content/EngineSky/T_Sky_Clouds_M.uasset" 783
"../../../Engine/Content/EngineSky/T_Sky_Clouds_M.uexp" 784
"../../../Engine/Content/EngineSky/T_Sky_Blue.ubulk" 785
"../../../Engine/Content/EngineSky/T_Sky_Blue.uasset" 786
"../../../Engine/Content/EngineSky/T_Sky_Blue.uexp" 787
"../../../Engine/Content/EngineSky/M_Sky_Panning_Clouds2.uasset" 788
"../../../Engine/Content/EngineSky/M_Sky_Panning_Clouds2.uexp" 789
"../../../Engine/Content/EngineSky/SM_SkySphere.ubulk" 790
"../../../Engine/Content/EngineSky/SM_SkySphere.uasset" 791
"../../../Engine/Content/EngineSky/SM_SkySphere.uexp" 792
"E:/Unreal Projects/Astroroide/Content/Astroroide/Materials/M_MasterTranslucid.uasset" 793
"E:/Unreal Projects/Astroroide/Content/Astroroide/Materials/M_MasterTranslucid.uexp" 794
"E:/Unreal Projects/Astroroide/Content/Astroroide/Materials/MI_Atmosphere.uasset" 795
"E:/Unreal Projects/Astroroide/Content/Astroroide/Materials/MI_Atmosphere.uexp" 796
"E:/Unreal Projects/Astroroide/Content/Astroroide/Assets/Earth/Textures/T_Clouds_8K.ubulk" 797
"E:/Unreal Projects/Astroroide/Content/Astroroide/Assets/Earth/Textures/T_Clouds_8K.uasset" 798
"E:/Unreal Projects/Astroroide/Content/Astroroide/Assets/Earth/Textures/T_Clouds_8K.uexp" 799
"E:/Unreal Projects/Astroroide/Content/Astroroide/Materials/M_MasterMasked.uasset" 800
"E:/Unreal Projects/Astroroide/Content/Astroroide/Materials/M_MasterMasked.uexp" 801
"E:/Unreal Projects/Astroroide/Content/Astroroide/Assets/Earth/SM_Clouds.ubulk" 802
"E:/Unreal Projects/Astroroide/Content/Astroroide/Assets/Earth/SM_Clouds.uasset" 803
"E:/Unreal Projects/Astroroide/Content/Astroroide/Assets/Earth/SM_Clouds.uexp" 804
"E:/Unreal Projects/Astroroide/Content/Astroroide/Assets/Earth/SM_Atmosphere.ubulk" 805
"E:/Unreal Projects/Astroroide/Content/Astroroide/Assets/Earth/SM_Atmosphere.uasset" 806
"E:/Unreal Projects/Astroroide/Content/Astroroide/Assets/Earth/SM_Atmosphere.uexp" 807
"E:/Unreal Projects/Astroroide/Content/Astroroide/Assets/Earth/Textures/T_Earth_S.ubulk" 808
"E:/Unreal Projects/Astroroide/Content/Astroroide/Assets/Earth/Textures/T_Earth_S.uasset" 809
"E:/Unreal Projects/Astroroide/Content/Astroroide/Assets/Earth/Textures/T_Earth_S.uexp" 810
"E:/Unreal Projects/Astroroide/Content/Astroroide/Assets/Earth/Textures/T_Earth_Day_8K.ubulk" 811
"E:/Unreal Projects/Astroroide/Content/Astroroide/Assets/Earth/Textures/T_Earth_Day_8K.uasset" 812
"E:/Unreal Projects/Astroroide/Content/Astroroide/Assets/Earth/Textures/T_Earth_Day_8K.uexp" 813
"E:/Unreal Projects/Astroroide/Content/Astroroide/Assets/Earth/Textures/T_Earth_Night_8K.ubulk" 814
"E:/Unreal Projects/Astroroide/Content/Astroroide/Assets/Earth/Textures/T_Earth_Night_8K.uasset" 815
"E:/Unreal Projects/Astroroide/Content/Astroroide/Assets/Earth/Textures/T_Earth_Night_8K.uexp" 816
"E:/Unreal Projects/Astroroide/Content/Astroroide/Assets/Earth/Textures/T_Earth_Normal.ubulk" 817
"E:/Unreal Projects/Astroroide/Content/Astroroide/Assets/Earth/Textures/T_Earth_Normal.uasset" 818
"E:/Unreal Projects/Astroroide/Content/Astroroide/Assets/Earth/Textures/T_Earth_Normal.uexp" 819
"E:/Unreal Projects/Astroroide/Content/Astroroide/Materials/M_MasterPlanet.uasset" 820
"E:/Unreal Projects/Astroroide/Content/Astroroide/Materials/M_MasterPlanet.uexp" 821
"E:/Unreal Projects/Astroroide/Content/Astroroide/Assets/Earth/SM_Earth.ubulk" 822
"E:/Unreal Projects/Astroroide/Content/Astroroide/Assets/Earth/SM_Earth.uasset" 823
"E:/Unreal Projects/Astroroide/Content/Astroroide/Assets/Earth/SM_Earth.uexp" 824
"E:/Unreal Projects/Astroroide/Content/Astroroide/Materials/MI_Clouds.uasset" 825
"E:/Unreal Projects/Astroroide/Content/Astroroide/Materials/MI_Clouds.uexp" 826
"E:/Unreal Projects/Astroroide/Content/Astroroide/Assets/Moon/Textures/T_Moon_Estruct_AO.ubulk" 827
"E:/Unreal Projects/Astroroide/Content/Astroroide/Assets/Moon/Textures/T_Moon_Estruct_AO.uasset" 828
"E:/Unreal Projects/Astroroide/Content/Astroroide/Assets/Moon/Textures/T_Moon_Estruct_AO.uexp" 829
"E:/Unreal Projects/Astroroide/Content/Astroroide/Assets/Moon/Textures/T_Moon_Estruct_R.ubulk" 830
"E:/Unreal Projects/Astroroide/Content/Astroroide/Assets/Moon/Textures/T_Moon_Estruct_R.uasset" 831
"E:/Unreal Projects/Astroroide/Content/Astroroide/Assets/Moon/Textures/T_Moon_Estruct_R.uexp" 832
"E:/Unreal Projects/Astroroide/Content/Astroroide/Assets/PowerUps/Health/Textures/T_Healthpack_E.ubulk" 833
"E:/Unreal Projects/Astroroide/Content/Astroroide/Assets/PowerUps/Health/Textures/T_Healthpack_E.uasset" 834
"E:/Unreal Projects/Astroroide/Content/Astroroide/Assets/PowerUps/Health/Textures/T_Healthpack_E.uexp" 835
"E:/Unreal Projects/Astroroide/Content/Astroroide/Materials/M_Master_01.uasset" 836
"E:/Unreal Projects/Astroroide/Content/Astroroide/Materials/M_Master_01.uexp" 837
"E:/Unreal Projects/Astroroide/Content/Astroroide/Assets/Moon/Textures/T_Moon_Estruct_N.ubulk" 838
"E:/Unreal Projects/Astroroide/Content/Astroroide/Assets/Moon/Textures/T_Moon_Estruct_N.uasset" 839
"E:/Unreal Projects/Astroroide/Content/Astroroide/Assets/Moon/Textures/T_Moon_Estruct_N.uexp" 840
"E:/Unreal Projects/Astroroide/Content/Astroroide/Assets/Moon/Textures/T_Moon_Estruct_BC.ubulk" 841
"E:/Unreal Projects/Astroroide/Content/Astroroide/Assets/Moon/Textures/T_Moon_Estruct_BC.uasset" 842
"E:/Unreal Projects/Astroroide/Content/Astroroide/Assets/Moon/Textures/T_Moon_Estruct_BC.uexp" 843
"E:/Unreal Projects/Astroroide/Content/Astroroide/Materials/MI_MoonInterior.uasset" 844
"E:/Unreal Projects/Astroroide/Content/Astroroide/Materials/MI_MoonInterior.uexp" 845
"E:/Unreal Projects/Astroroide/Content/Astroroide/Assets/Moon/Textures/T_Moon_Estruct_N2.ubulk" 846
"E:/Unreal Projects/Astroroide/Content/Astroroide/Assets/Moon/Textures/T_Moon_Estruct_N2.uasset" 847
"E:/Unreal Projects/Astroroide/Content/Astroroide/Assets/Moon/Textures/T_Moon_Estruct_N2.uexp" 848
"E:/Unreal Projects/Astroroide/Content/Astroroide/Materials/MI_MoonStructs.uasset" 849
"E:/Unreal Projects/Astroroide/Content/Astroroide/Materials/MI_MoonStructs.uexp" 850
"E:/Unreal Projects/Astroroide/Content/Astroroide/Assets/Moon/Textures/T_Moon_R2.ubulk" 851
"E:/Unreal Projects/Astroroide/Content/Astroroide/Assets/Moon/Textures/T_Moon_R2.uasset" 852
"E:/Unreal Projects/Astroroide/Content/Astroroide/Assets/Moon/Textures/T_Moon_R2.uexp" 853
"E:/Unreal Projects/Astroroide/Content/Astroroide/Assets/Moon/Textures/T_Moon_AB.ubulk" 854
"E:/Unreal Projects/Astroroide/Content/Astroroide/Assets/Moon/Textures/T_Moon_AB.uasset" 855
"E:/Unreal Projects/Astroroide/Content/Astroroide/Assets/Moon/Textures/T_Moon_AB.uexp" 856
"E:/Unreal Projects/Astroroide/Content/Astroroide/Assets/Moon/Textures/T_Moon_N2.ubulk" 857
"E:/Unreal Projects/Astroroide/Content/Astroroide/Assets/Moon/Textures/T_Moon_N2.uasset" 858
"E:/Unreal Projects/Astroroide/Content/Astroroide/Assets/Moon/Textures/T_Moon_N2.uexp" 859
"E:/Unreal Projects/Astroroide/Content/Astroroide/Assets/Moon/Textures/T_Moon_R.ubulk" 860
"E:/Unreal Projects/Astroroide/Content/Astroroide/Assets/Moon/Textures/T_Moon_R.uasset" 861
"E:/Unreal Projects/Astroroide/Content/Astroroide/Assets/Moon/Textures/T_Moon_R.uexp" 862
"E:/Unreal Projects/Astroroide/Content/Astroroide/Materials/MI_Moon.uasset" 863
"E:/Unreal Projects/Astroroide/Content/Astroroide/Materials/MI_Moon.uexp" 864
"E:/Unreal Projects/Astroroide/Content/Astroroide/Assets/Moon/SM_TheMoon.ubulk" 865
"E:/Unreal Projects/Astroroide/Content/Astroroide/Assets/Moon/SM_TheMoon.uasset" 866
"E:/Unreal Projects/Astroroide/Content/Astroroide/Assets/Moon/SM_TheMoon.uexp" 867
"../../../Engine/Content/Functions/Engine_MaterialFunctions02/WorldPositionOffset/ObjectPivotPoint.uasset" 868
"../../../Engine/Content/Functions/Engine_MaterialFunctions02/WorldPositionOffset/ObjectPivotPoint.uexp" 869
"../../../Engine/Plugins/Runtime/HDRIBackdrop/Content/Materials/HDRI_Attributes.uasset" 870
"../../../Engine/Plugins/Runtime/HDRIBackdrop/Content/Materials/HDRI_Attributes.uexp" 871
"../../../Engine/Plugins/Runtime/HDRIBackdrop/Content/Materials/HDRI_Projection.uasset" 872
"../../../Engine/Plugins/Runtime/HDRIBackdrop/Content/Materials/HDRI_Projection.uexp" 873
"../../../Engine/Plugins/Runtime/HDRIBackdrop/Content/Materials/MI_HDRI_CenterProjection.uasset" 874
"../../../Engine/Plugins/Runtime/HDRIBackdrop/Content/Materials/MI_HDRI_CenterProjection.uexp" 875
"../../../Engine/Plugins/Runtime/HDRIBackdrop/Content/Textures/approaching_storm_4k.uasset" 876
"../../../Engine/Plugins/Runtime/HDRIBackdrop/Content/Textures/approaching_storm_4k.uexp" 877
"../../../Engine/Plugins/Runtime/HDRIBackdrop/Content/Materials/MI_HDRI_CameraProjection.uasset" 878
"../../../Engine/Plugins/Runtime/HDRIBackdrop/Content/Materials/MI_HDRI_CameraProjection.uexp" 879
"../../../Engine/Plugins/Runtime/HDRIBackdrop/Content/Meshes/EnviroDome.ubulk" 880
"../../../Engine/Plugins/Runtime/HDRIBackdrop/Content/Meshes/EnviroDome.uasset" 881
"../../../Engine/Plugins/Runtime/HDRIBackdrop/Content/Meshes/EnviroDome.uexp" 882
"../../../Engine/Plugins/Runtime/HDRIBackdrop/Content/Blueprints/HDRIBackdrop.uasset" 883
"../../../Engine/Plugins/Runtime/HDRIBackdrop/Content/Blueprints/HDRIBackdrop.uexp" 884
"E:/Unreal Projects/Astroroide/Content/Astroroide/Textures/T_UniverseHDR.uasset" 885
"E:/Unreal Projects/Astroroide/Content/Astroroide/Textures/T_UniverseHDR.uexp" 886
"E:/Unreal Projects/Astroroide/Content/Astroroide/Assets/BP_Universe.uasset" 887
"E:/Unreal Projects/Astroroide/Content/Astroroide/Assets/BP_Universe.uexp" 888
"E:/Unreal Projects/Astroroide/Content/Astroroide/Assets/Asteroids/Textures/T_OreAsteroid_R.ubulk" 889
"E:/Unreal Projects/Astroroide/Content/Astroroide/Assets/Asteroids/Textures/T_OreAsteroid_R.uasset" 890
"E:/Unreal Projects/Astroroide/Content/Astroroide/Assets/Asteroids/Textures/T_OreAsteroid_R.uexp" 891
"E:/Unreal Projects/Astroroide/Content/Astroroide/Assets/Asteroids/Textures/T_OreAsteroid_M.ubulk" 892
"E:/Unreal Projects/Astroroide/Content/Astroroide/Assets/Asteroids/Textures/T_OreAsteroid_M.uasset" 893
"E:/Unreal Projects/Astroroide/Content/Astroroide/Assets/Asteroids/Textures/T_OreAsteroid_M.uexp" 894
"E:/Unreal Projects/Astroroide/Content/Astroroide/Assets/Asteroids/Textures/T_OreAsteroid_N.ubulk" 895
"E:/Unreal Projects/Astroroide/Content/Astroroide/Assets/Asteroids/Textures/T_OreAsteroid_N.uasset" 896
"E:/Unreal Projects/Astroroide/Content/Astroroide/Assets/Asteroids/Textures/T_OreAsteroid_N.uexp" 897
"E:/Unreal Projects/Astroroide/Content/Astroroide/Assets/Asteroids/Textures/T_OreAsteroid_BC.ubulk" 898
"E:/Unreal Projects/Astroroide/Content/Astroroide/Assets/Asteroids/Textures/T_OreAsteroid_BC.uasset" 899
"E:/Unreal Projects/Astroroide/Content/Astroroide/Assets/Asteroids/Textures/T_OreAsteroid_BC.uexp" 900
"E:/Unreal Projects/Astroroide/Content/Astroroide/Materials/MI_OreAsteroid.uasset" 901
"E:/Unreal Projects/Astroroide/Content/Astroroide/Materials/MI_OreAsteroid.uexp" 902
"E:/Unreal Projects/Astroroide/Content/Astroroide/Assets/Asteroids/SM_AsteroidOreBig.ubulk" 903
"E:/Unreal Projects/Astroroide/Content/Astroroide/Assets/Asteroids/SM_AsteroidOreBig.uasset" 904
"E:/Unreal Projects/Astroroide/Content/Astroroide/Assets/Asteroids/SM_AsteroidOreBig.uexp" 905
"E:/Unreal Projects/Astroroide/Content/Astroroide/UI/WBP_Fade.uasset" 906
"E:/Unreal Projects/Astroroide/Content/Astroroide/UI/WBP_Fade.uexp" 907
"E:/Unreal Projects/Astroroide/Content/Maps/L_Prompt.uexp" 908
"E:/Unreal Projects/Astroroide/Content/Maps/L_Prompt.umap" 909
"E:/Unreal Projects/Astroroide/Content/Astroroide/Materials/M_PlayerSelect.uasset" 910
"E:/Unreal Projects/Astroroide/Content/Astroroide/Materials/M_PlayerSelect.uexp" 911
"E:/Unreal Projects/Astroroide/Content/Astroroide/Materials/M_BaseColor.uasset" 912
"E:/Unreal Projects/Astroroide/Content/Astroroide/Materials/M_BaseColor.uexp" 913
"E:/Unreal Projects/Astroroide/Content/Astroroide/Assets/Spaceships/StartFighter/Phys_StarFighterShip.uasset" 914
"E:/Unreal Projects/Astroroide/Content/Astroroide/Assets/Spaceships/StartFighter/Phys_StarFighterShip.uexp" 915
"E:/Unreal Projects/Astroroide/Content/Astroroide/Assets/Spaceships/Skel_Spaceships.uasset" 916
"E:/Unreal Projects/Astroroide/Content/Astroroide/Assets/Spaceships/Skel_Spaceships.uexp" 917
"E:/Unreal Projects/Astroroide/Content/Astroroide/Assets/Spaceships/StartFighter/SK_StarFighterShip.uasset" 918
"E:/Unreal Projects/Astroroide/Content/Astroroide/Assets/Spaceships/StartFighter/SK_StarFighterShip.uexp" 919
"E:/Unreal Projects/Astroroide/Content/Astroroide/Assets/SpaceStation/Textures/T_TechFloor_BC.uasset" 920
"E:/Unreal Projects/Astroroide/Content/Astroroide/Assets/SpaceStation/Textures/T_TechFloor_BC.uexp" 921
"E:/Unreal Projects/Astroroide/Content/Astroroide/Assets/SpaceStation/Textures/T_Rock_AO.ubulk" 922
"E:/Unreal Projects/Astroroide/Content/Astroroide/Assets/SpaceStation/Textures/T_Rock_AO.uasset" 923
"E:/Unreal Projects/Astroroide/Content/Astroroide/Assets/SpaceStation/Textures/T_Rock_AO.uexp" 924
"E:/Unreal Projects/Astroroide/Content/Astroroide/Materials/MI_SoulBurn_01.uasset" 925
"E:/Unreal Projects/Astroroide/Content/Astroroide/Materials/MI_SoulBurn_01.uexp" 926
"E:/Unreal Projects/Astroroide/Content/Astroroide/Assets/SpaceStation/Textures/T_Rock_N.ubulk" 927
"E:/Unreal Projects/Astroroide/Content/Astroroide/Assets/SpaceStation/Textures/T_Rock_N.uasset" 928
"E:/Unreal Projects/Astroroide/Content/Astroroide/Assets/SpaceStation/Textures/T_Rock_N.uexp" 929
"E:/Unreal Projects/Astroroide/Content/Astroroide/Materials/MI_Rock.uasset" 930
"E:/Unreal Projects/Astroroide/Content/Astroroide/Materials/MI_Rock.uexp" 931
"E:/Unreal Projects/Astroroide/Content/Astroroide/Materials/M_Emissive.uasset" 932
"E:/Unreal Projects/Astroroide/Content/Astroroide/Materials/M_Emissive.uexp" 933
"E:/Unreal Projects/Astroroide/Content/Astroroide/Materials/MI_Gold.uasset" 934
"E:/Unreal Projects/Astroroide/Content/Astroroide/Materials/MI_Gold.uexp" 935
"E:/Unreal Projects/Astroroide/Content/Astroroide/Materials/MI_Blue.uasset" 936
"E:/Unreal Projects/Astroroide/Content/Astroroide/Materials/MI_Blue.uexp" 937
"E:/Unreal Projects/Astroroide/Content/Astroroide/Assets/SpaceStation/SM_SpaceStation.ubulk" 938
"E:/Unreal Projects/Astroroide/Content/Astroroide/Assets/SpaceStation/SM_SpaceStation.uasset" 939
"E:/Unreal Projects/Astroroide/Content/Astroroide/Assets/SpaceStation/SM_SpaceStation.uexp" 940
"E:/Unreal Projects/Astroroide/Content/Astroroide/Materials/MI_PlayerID_06.uasset" 941
"E:/Unreal Projects/Astroroide/Content/Astroroide/Materials/MI_PlayerID_06.uexp" 942
"E:/Unreal Projects/Astroroide/Content/Astroroide/Core/Interface/BPI_Inputs.uasset" 943
"E:/Unreal Projects/Astroroide/Content/Astroroide/Core/Interface/BPI_Inputs.uexp" 944
"E:/Unreal Projects/Astroroide/Content/Astroroide/Core/SaveGame/BP_SaveRanking.uasset" 945
"E:/Unreal Projects/Astroroide/Content/Astroroide/Core/SaveGame/BP_SaveRanking.uexp" 946
"E:/Unreal Projects/Astroroide/Content/Astroroide/Core/GI_Astroroide.uasset" 947
"E:/Unreal Projects/Astroroide/Content/Astroroide/Core/GI_Astroroide.uexp" 948
"E:/Unreal Projects/Astroroide/Content/Astroroide/Core/PC_Astroroide.uasset" 949
"E:/Unreal Projects/Astroroide/Content/Astroroide/Core/PC_Astroroide.uexp" 950
"E:/Unreal Projects/Astroroide/Content/Astroroide/Structs/S_SpaceshipConfig.uasset" 951
"E:/Unreal Projects/Astroroide/Content/Astroroide/Structs/S_SpaceshipConfig.uexp" 952
"E:/Unreal Projects/Astroroide/Content/Astroroide/Materials/MI_PlayerID_00.uasset" 953
"E:/Unreal Projects/Astroroide/Content/Astroroide/Materials/MI_PlayerID_00.uexp" 954
"E:/Unreal Projects/Astroroide/Content/Astroroide/Materials/MI_PlayerID_07.uasset" 955
"E:/Unreal Projects/Astroroide/Content/Astroroide/Materials/MI_PlayerID_07.uexp" 956
"E:/Unreal Projects/Astroroide/Content/Astroroide/Materials/MI_PlayerID_05.uasset" 957
"E:/Unreal Projects/Astroroide/Content/Astroroide/Materials/MI_PlayerID_05.uexp" 958
"E:/Unreal Projects/Astroroide/Content/Astroroide/Materials/MI_PlayerID_04.uasset" 959
"E:/Unreal Projects/Astroroide/Content/Astroroide/Materials/MI_PlayerID_04.uexp" 960
"E:/Unreal Projects/Astroroide/Content/Astroroide/Materials/MI_PlayerID_01.uasset" 961
"E:/Unreal Projects/Astroroide/Content/Astroroide/Materials/MI_PlayerID_01.uexp" 962
"E:/Unreal Projects/Astroroide/Content/Retro_8Bit_Sounds/Menu_UI_Beeps/Wavs/retro_code_signal_dailing_01.ubulk" 963
"E:/Unreal Projects/Astroroide/Content/Retro_8Bit_Sounds/Menu_UI_Beeps/Wavs/retro_code_signal_dailing_01.uasset" 964
"E:/Unreal Projects/Astroroide/Content/Retro_8Bit_Sounds/Menu_UI_Beeps/Wavs/retro_code_signal_dailing_01.uexp" 965
"E:/Unreal Projects/Astroroide/Content/Retro_8Bit_Sounds/Menu_UI_Beeps/Cues/retro_code_signal_dailing_01_Cue.uasset" 966
"E:/Unreal Projects/Astroroide/Content/Retro_8Bit_Sounds/Menu_UI_Beeps/Cues/retro_code_signal_dailing_01_Cue.uexp" 967
"E:/Unreal Projects/Astroroide/Content/Retro_8Bit_Sounds/Menu_UI_Beeps/Wavs/retro_blip_beep_33.ubulk" 968
"E:/Unreal Projects/Astroroide/Content/Retro_8Bit_Sounds/Menu_UI_Beeps/Wavs/retro_blip_beep_33.uasset" 969
"E:/Unreal Projects/Astroroide/Content/Retro_8Bit_Sounds/Menu_UI_Beeps/Wavs/retro_blip_beep_33.uexp" 970
"E:/Unreal Projects/Astroroide/Content/Retro_8Bit_Sounds/Menu_UI_Beeps/Cues/retro_blip_beep_33_Cue.uasset" 971
"E:/Unreal Projects/Astroroide/Content/Retro_8Bit_Sounds/Menu_UI_Beeps/Cues/retro_blip_beep_33_Cue.uexp" 972
"E:/Unreal Projects/Astroroide/Content/Astroroide/UI/WBP_MainMenu.uasset" 973
"E:/Unreal Projects/Astroroide/Content/Astroroide/UI/WBP_MainMenu.uexp" 974
"E:/Unreal Projects/Astroroide/Content/Astroroide/UI/Textures/T_Load_05.uasset" 975
"E:/Unreal Projects/Astroroide/Content/Astroroide/UI/Textures/T_Load_05.uexp" 976
"E:/Unreal Projects/Astroroide/Content/Astroroide/UI/WBP_LoadingGame.uasset" 977
"E:/Unreal Projects/Astroroide/Content/Astroroide/UI/WBP_LoadingGame.uexp" 978
"E:/Unreal Projects/Astroroide/Content/Astroroide/Core/HUD_Astroroide.uasset" 979
"E:/Unreal Projects/Astroroide/Content/Astroroide/Core/HUD_Astroroide.uexp" 980
"E:/Unreal Projects/Astroroide/Content/Astroroide/Materials/MI_PlayerID_03.uasset" 981
"E:/Unreal Projects/Astroroide/Content/Astroroide/Materials/MI_PlayerID_03.uexp" 982
"E:/Unreal Projects/Astroroide/Content/Astroroide/Materials/MI_PlayerID_02.uasset" 983
"E:/Unreal Projects/Astroroide/Content/Astroroide/Materials/MI_PlayerID_02.uexp" 984
"E:/Unreal Projects/Astroroide/Content/Astroroide/Assets/Spaceships/Fighter/Phys_FighterShip.uasset" 985
"E:/Unreal Projects/Astroroide/Content/Astroroide/Assets/Spaceships/Fighter/Phys_FighterShip.uexp" 986
"E:/Unreal Projects/Astroroide/Content/Astroroide/Assets/Spaceships/Fighter/SK_FighterShip.uasset" 987
"E:/Unreal Projects/Astroroide/Content/Astroroide/Assets/Spaceships/Fighter/SK_FighterShip.uexp" 988
"E:/Unreal Projects/Astroroide/Content/Astroroide/Assets/Spaceships/Destroyer/Phys_DestroyerShip.uasset" 989
"E:/Unreal Projects/Astroroide/Content/Astroroide/Assets/Spaceships/Destroyer/Phys_DestroyerShip.uexp" 990
"E:/Unreal Projects/Astroroide/Content/Astroroide/Assets/Spaceships/Destroyer/SK_DestroyerShip.uasset" 991
"E:/Unreal Projects/Astroroide/Content/Astroroide/Assets/Spaceships/Destroyer/SK_DestroyerShip.uexp" 992
"E:/Unreal Projects/Astroroide/Content/Astroroide/Assets/Spaceships/Frigate/Phys_FrigateShip.uasset" 993
"E:/Unreal Projects/Astroroide/Content/Astroroide/Assets/Spaceships/Frigate/Phys_FrigateShip.uexp" 994
"E:/Unreal Projects/Astroroide/Content/Astroroide/Assets/Spaceships/Frigate/SK_FrigateShip.uasset" 995
"E:/Unreal Projects/Astroroide/Content/Astroroide/Assets/Spaceships/Frigate/SK_FrigateShip.uexp" 996
"E:/Unreal Projects/Astroroide/Content/Astroroide/DataTable/DT_PlayerSpaceships.uasset" 997
"E:/Unreal Projects/Astroroide/Content/Astroroide/DataTable/DT_PlayerSpaceships.uexp" 998
"../../../Engine/Content/BasicShapes/Sphere.ubulk" 999
"../../../Engine/Content/BasicShapes/Sphere.uasset" 1000
"../../../Engine/Content/BasicShapes/Sphere.uexp" 1001
"../../../Engine/Content/BasicShapes/BasicShapeMaterial.uasset" 1002
"../../../Engine/Content/BasicShapes/BasicShapeMaterial.uexp" 1003
"E:/Unreal Projects/Astroroide/Content/Astroroide/Core/BP_Bullet.uasset" 1004
"E:/Unreal Projects/Astroroide/Content/Astroroide/Core/BP_Bullet.uexp" 1005
"E:/Unreal Projects/Astroroide/Content/Retro_8Bit_Sounds/Explosion/Wavs/retro_explosion_deep_01.ubulk" 1006
"E:/Unreal Projects/Astroroide/Content/Retro_8Bit_Sounds/Explosion/Wavs/retro_explosion_deep_01.uasset" 1007
"E:/Unreal Projects/Astroroide/Content/Retro_8Bit_Sounds/Explosion/Wavs/retro_explosion_deep_01.uexp" 1008
"E:/Unreal Projects/Astroroide/Content/Retro_8Bit_Sounds/Explosion/Cues/retro_explosion_deep_01_Cue.uasset" 1009
"E:/Unreal Projects/Astroroide/Content/Retro_8Bit_Sounds/Explosion/Cues/retro_explosion_deep_01_Cue.uexp" 1010
"E:/Unreal Projects/Astroroide/Content/Retro_8Bit_Sounds/Weapons/Wavs/retro_laser_gun_shoot_37.ubulk" 1011
"E:/Unreal Projects/Astroroide/Content/Retro_8Bit_Sounds/Weapons/Wavs/retro_laser_gun_shoot_37.uasset" 1012
"E:/Unreal Projects/Astroroide/Content/Retro_8Bit_Sounds/Weapons/Wavs/retro_laser_gun_shoot_37.uexp" 1013
"E:/Unreal Projects/Astroroide/Content/Retro_8Bit_Sounds/Weapons/Cues/retro_laser_gun_shoot_37_Cue.uasset" 1014
"E:/Unreal Projects/Astroroide/Content/Retro_8Bit_Sounds/Weapons/Cues/retro_laser_gun_shoot_37_Cue.uexp" 1015
"E:/Unreal Projects/Astroroide/Content/Retro_8Bit_Sounds/Impacts/Wavs/retro_impact_colorful_02.ubulk" 1016
"E:/Unreal Projects/Astroroide/Content/Retro_8Bit_Sounds/Impacts/Wavs/retro_impact_colorful_02.uasset" 1017
"E:/Unreal Projects/Astroroide/Content/Retro_8Bit_Sounds/Impacts/Wavs/retro_impact_colorful_02.uexp" 1018
"E:/Unreal Projects/Astroroide/Content/Retro_8Bit_Sounds/Impacts/Cues/retro_impact_colorful_02_Cue.uasset" 1019
"E:/Unreal Projects/Astroroide/Content/Retro_8Bit_Sounds/Impacts/Cues/retro_impact_colorful_02_Cue.uexp" 1020
"E:/Unreal Projects/Astroroide/Content/Retro_8Bit_Sounds/Music/Wavs/music_bytes_the_retro_adventure.ubulk" 1021
"E:/Unreal Projects/Astroroide/Content/Retro_8Bit_Sounds/Music/Wavs/music_bytes_the_retro_adventure.uasset" 1022
"E:/Unreal Projects/Astroroide/Content/Retro_8Bit_Sounds/Music/Wavs/music_bytes_the_retro_adventure.uexp" 1023
"E:/Unreal Projects/Astroroide/Content/Retro_8Bit_Sounds/Music/Cues/music_bytes_the_retro_adventure_Cue.uasset" 1024
"E:/Unreal Projects/Astroroide/Content/Retro_8Bit_Sounds/Music/Cues/music_bytes_the_retro_adventure_Cue.uexp" 1025
"E:/Unreal Projects/Astroroide/Content/Astroroide/UI/WBP_PlayerStatus.uasset" 1026
"E:/Unreal Projects/Astroroide/Content/Astroroide/UI/WBP_PlayerStatus.uexp" 1027
"E:/Unreal Projects/Astroroide/Content/Astroroide/UI/WBP_GameHud.uasset" 1028
"E:/Unreal Projects/Astroroide/Content/Astroroide/UI/WBP_GameHud.uexp" 1029
"E:/Unreal Projects/Astroroide/Content/Astroroide/Core/BP_Spaceship.uasset" 1030
"E:/Unreal Projects/Astroroide/Content/Astroroide/Core/BP_Spaceship.uexp" 1031
"E:/Unreal Projects/Astroroide/Content/Astroroide/Core/BP_SpaceshipActor.uasset" 1032
"E:/Unreal Projects/Astroroide/Content/Astroroide/Core/BP_SpaceshipActor.uexp" 1033
"E:/Unreal Projects/Astroroide/Content/Astroroide/Core/GM_AstroroideGameplay.uasset" 1034
"E:/Unreal Projects/Astroroide/Content/Astroroide/Core/GM_AstroroideGameplay.uexp" 1035
"E:/Unreal Projects/Astroroide/Content/Astroroide/UI/WBP_PlayerInformation.uasset" 1036
"E:/Unreal Projects/Astroroide/Content/Astroroide/UI/WBP_PlayerInformation.uexp" 1037
"E:/Unreal Projects/Astroroide/Content/Astroroide/Core/BP_SpaceShipSelection.uasset" 1038
"E:/Unreal Projects/Astroroide/Content/Astroroide/Core/BP_SpaceShipSelection.uexp" 1039
"E:/Unreal Projects/Astroroide/Content/Astroroide/UI/WBP_SpaceshipSelection.uasset" 1040
"E:/Unreal Projects/Astroroide/Content/Astroroide/UI/WBP_SpaceshipSelection.uexp" 1041
"E:/Unreal Projects/Astroroide/Content/Astroroide/UI/WBP_MultiplayerSelect.uasset" 1042
"E:/Unreal Projects/Astroroide/Content/Astroroide/UI/WBP_MultiplayerSelect.uexp" 1043
"E:/Unreal Projects/Astroroide/Content/Astroroide/Core/BPF_Astroroide.uasset" 1044
"E:/Unreal Projects/Astroroide/Content/Astroroide/Core/BPF_Astroroide.uexp" 1045
"E:/Unreal Projects/Astroroide/Content/Astroroide/Core/Interface/BPI_Network.uasset" 1046
"E:/Unreal Projects/Astroroide/Content/Astroroide/Core/Interface/BPI_Network.uexp" 1047
"E:/Unreal Projects/Astroroide/Content/Astroroide/UI/WBP_SessionFound.uasset" 1048
"E:/Unreal Projects/Astroroide/Content/Astroroide/UI/WBP_SessionFound.uexp" 1049
"E:/Unreal Projects/Astroroide/Content/Astroroide/UI/WBP_MultiplayerOnline.uasset" 1050
"E:/Unreal Projects/Astroroide/Content/Astroroide/UI/WBP_MultiplayerOnline.uexp" 1051
"E:/Unreal Projects/Astroroide/Content/Astroroide/Core/BP_MainMenuCamera.uasset" 1052
"E:/Unreal Projects/Astroroide/Content/Astroroide/Core/BP_MainMenuCamera.uexp" 1053
"E:/Unreal Projects/Astroroide/Content/Maps/L_MainMenu.uexp" 1054
"E:/Unreal Projects/Astroroide/Content/Maps/L_MainMenu.umap" 1055
"../../../Engine/Content/EditorBlueprintResources/ActorMacros.uasset" 1056
"../../../Engine/Content/EditorBlueprintResources/ActorMacros.uexp" 1057
"E:/Unreal Projects/Astroroide/Content/Astroroide/Core/BP_LobbyCamera.uasset" 1058
"E:/Unreal Projects/Astroroide/Content/Astroroide/Core/BP_LobbyCamera.uexp" 1059
"../../../Engine/Content/EngineSky/C_Sky_Horizon_Color.uasset" 1060
"../../../Engine/Content/EngineSky/C_Sky_Horizon_Color.uexp" 1061
"../../../Engine/Content/EngineSky/C_Sky_Cloud_Color.uasset" 1062
"../../../Engine/Content/EngineSky/C_Sky_Cloud_Color.uexp" 1063
"../../../Engine/Content/EngineSky/C_Sky_Zenith_Color.uasset" 1064
"../../../Engine/Content/EngineSky/C_Sky_Zenith_Color.uexp" 1065
"../../../Engine/Content/EngineSky/BP_Sky_Sphere.uasset" 1066
"../../../Engine/Content/EngineSky/BP_Sky_Sphere.uexp" 1067
"E:/Unreal Projects/Astroroide/Content/Maps/L_Lobby.uexp" 1068
"E:/Unreal Projects/Astroroide/Content/Maps/L_Lobby.umap" 1069
"E:/Unreal Projects/Astroroide/Content/Maps/L_LoadingMap.uexp" 1070
"E:/Unreal Projects/Astroroide/Content/Maps/L_LoadingMap.umap" 1071
"E:/Unreal Projects/Astroroide/Content/Astroroide/Core/BP_GameplayCamera.uasset" 1072
"E:/Unreal Projects/Astroroide/Content/Astroroide/Core/BP_GameplayCamera.uexp" 1073
"E:/Unreal Projects/Astroroide/Content/Astroroide/Core/BP_KillZone.uasset" 1074
"E:/Unreal Projects/Astroroide/Content/Astroroide/Core/BP_KillZone.uexp" 1075
"E:/Unreal Projects/Astroroide/Content/Retro_8Bit_Sounds/Explosion/Wavs/retro_explosion_deep_04.ubulk" 1076
"E:/Unreal Projects/Astroroide/Content/Retro_8Bit_Sounds/Explosion/Wavs/retro_explosion_deep_04.uasset" 1077
"E:/Unreal Projects/Astroroide/Content/Retro_8Bit_Sounds/Explosion/Wavs/retro_explosion_deep_04.uexp" 1078
"E:/Unreal Projects/Astroroide/Content/Retro_8Bit_Sounds/Explosion/Cues/retro_explosion_deep_04_Cue.uasset" 1079
"E:/Unreal Projects/Astroroide/Content/Retro_8Bit_Sounds/Explosion/Cues/retro_explosion_deep_04_Cue.uexp" 1080
"E:/Unreal Projects/Astroroide/Content/Astroroide/Core/BP_Enemy.uasset" 1081
"E:/Unreal Projects/Astroroide/Content/Astroroide/Core/BP_Enemy.uexp" 1082
"E:/Unreal Projects/Astroroide/Content/Astroroide/Core/BP_SpawnEnemies.uasset" 1083
"E:/Unreal Projects/Astroroide/Content/Astroroide/Core/BP_SpawnEnemies.uexp" 1084
"E:/Unreal Projects/Astroroide/Content/Astroroide/Core/BP_BlockSpaceships.uasset" 1085
"E:/Unreal Projects/Astroroide/Content/Astroroide/Core/BP_BlockSpaceships.uexp" 1086
"E:/Unreal Projects/Astroroide/Content/Maps/L_Gameplay.uexp" 1087
"E:/Unreal Projects/Astroroide/Content/Maps/L_Gameplay.umap" 1088
